1. Line:1 -> 29 | Date:Jun, Time:N/A => 00:01:01 lenovo CROND[9630]: (root) CMD (run-parts /etc/cron.hourly)
2. Line:2 -> 29 | Date:Jun, Time:N/A => 00:01:01 lenovo run-parts[9633]: (/etc/cron.hourly) starting 0anacron
3. Line:3 -> 29 | Date:Jun, Time:N/A => 00:01:01 lenovo anacron[9643]: Anacron started on 2025-06-29
4. Line:4 -> 29 | Date:Jun, Time:N/A => 00:01:01 lenovo anacron[9643]: Normal exit (0 jobs run)
5. Line:5 -> 29 | Date:Jun, Time:N/A => 00:01:01 lenovo run-parts[9645]: (/etc/cron.hourly) finished 0anacron
6. Line:6 -> 29 | Date:Jun, Time:N/A => 00:01:01 lenovo CROND[9629]: (root) CMDEND (run-parts /etc/cron.hourly)
7. Line:7 -> 29 | Date:Jun, Time:N/A => 07:35:09 lenovo crond[1043]: (CRON) STARTUP (1.5.7)
8. Line:8 -> 29 | Date:Jun, Time:N/A => 07:35:09 lenovo crond[1043]: (CRON) INFO (Syslog will be used instead of sendmail.)
9. Line:9 -> 29 | Date:Jun, Time:N/A => 07:35:09 lenovo crond[1043]: (CRON) INFO (RANDOM_DELAY will be scaled with factor 4% if used.)
10. Line:10 -> 29 | Date:Jun, Time:N/A => 07:35:09 lenovo crond[1043]: (CRON) INFO (running with inotify support)
11. Line:11 -> 29 | Date:Jun, Time:N/A => 08:01:01 lenovo CROND[4620]: (root) CMD (run-parts /etc/cron.hourly)
12. Line:12 -> 29 | Date:Jun, Time:N/A => 08:01:01 lenovo run-parts[4623]: (/etc/cron.hourly) starting 0anacron
13. Line:13 -> 29 | Date:Jun, Time:N/A => 08:01:01 lenovo run-parts[4635]: (/etc/cron.hourly) finished 0anacron
14. Line:14 -> 29 | Date:Jun, Time:N/A => 08:01:01 lenovo CROND[4619]: (root) CMDEND (run-parts /etc/cron.hourly)
15. Line:15 -> 29 | Date:Jun, Time:N/A => 09:01:01 lenovo CROND[6003]: (root) CMD (run-parts /etc/cron.hourly)
16. Line:16 -> 29 | Date:Jun, Time:N/A => 09:01:01 lenovo run-parts[6006]: (/etc/cron.hourly) starting 0anacron
17. Line:17 -> 29 | Date:Jun, Time:N/A => 09:01:01 lenovo run-parts[6018]: (/etc/cron.hourly) finished 0anacron
18. Line:18 -> 29 | Date:Jun, Time:N/A => 09:01:01 lenovo CROND[6002]: (root) CMDEND (run-parts /etc/cron.hourly)
19. Line:19 -> 29 | Date:Jun, Time:N/A => 10:01:01 lenovo CROND[7732]: (root) CMD (run-parts /etc/cron.hourly)
20. Line:20 -> 29 | Date:Jun, Time:N/A => 10:01:01 lenovo run-parts[7735]: (/etc/cron.hourly) starting 0anacron
21. Line:21 -> 29 | Date:Jun, Time:N/A => 10:01:01 lenovo run-parts[7747]: (/etc/cron.hourly) finished 0anacron
22. Line:22 -> 29 | Date:Jun, Time:N/A => 10:01:01 lenovo CROND[7731]: (root) CMDEND (run-parts /etc/cron.hourly)
23. Line:23 -> 29 | Date:Jun, Time:N/A => 13:01:01 lenovo CROND[8398]: (root) CMD (run-parts /etc/cron.hourly)
24. Line:24 -> 29 | Date:Jun, Time:N/A => 13:01:01 lenovo run-parts[8401]: (/etc/cron.hourly) starting 0anacron
25. Line:25 -> 29 | Date:Jun, Time:N/A => 13:01:01 lenovo anacron[8411]: Anacron started on 2025-06-29
26. Line:26 -> 29 | Date:Jun, Time:N/A => 13:01:01 lenovo run-parts[8413]: (/etc/cron.hourly) finished 0anacron
27. Line:27 -> 29 | Date:Jun, Time:N/A => 13:01:01 lenovo CROND[8397]: (root) CMDEND (run-parts /etc/cron.hourly)
28. Line:28 -> 29 | Date:Jun, Time:N/A => 13:01:01 lenovo anacron[8411]: Will run job `cron.daily' in 43 min.
29. Line:29 -> 29 | Date:Jun, Time:N/A => 13:01:01 lenovo anacron[8411]: Jobs will be executed sequentially
30. Line:30 -> 29 | Date:Jun, Time:N/A => 13:44:01 lenovo anacron[8411]: Job `cron.daily' started
31. Line:31 -> 29 | Date:Jun, Time:N/A => 13:44:01 lenovo anacron[8411]: Job `cron.daily' terminated
32. Line:32 -> 29 | Date:Jun, Time:N/A => 13:44:01 lenovo anacron[8411]: Normal exit (1 job run)
33. Line:33 -> 29 | Date:Jun, Time:N/A => 14:01:01 lenovo CROND[9928]: (root) CMD (run-parts /etc/cron.hourly)
34. Line:34 -> 29 | Date:Jun, Time:N/A => 14:01:01 lenovo run-parts[9931]: (/etc/cron.hourly) starting 0anacron
35. Line:35 -> 29 | Date:Jun, Time:N/A => 14:01:01 lenovo run-parts[9937]: (/etc/cron.hourly) finished 0anacron
36. Line:36 -> 29 | Date:Jun, Time:N/A => 14:01:01 lenovo CROND[9927]: (root) CMDEND (run-parts /etc/cron.hourly)
37. Line:37 -> 29 | Date:Jun, Time:N/A => 16:01:01 lenovo CROND[11517]: (root) CMD (run-parts /etc/cron.hourly)
38. Line:38 -> 29 | Date:Jun, Time:N/A => 16:01:01 lenovo run-parts[11520]: (/etc/cron.hourly) starting 0anacron
39. Line:39 -> 29 | Date:Jun, Time:N/A => 16:01:01 lenovo run-parts[11526]: (/etc/cron.hourly) finished 0anacron
40. Line:40 -> 29 | Date:Jun, Time:N/A => 16:01:01 lenovo CROND[11516]: (root) CMDEND (run-parts /etc/cron.hourly)
41. Line:41 -> 29 | Date:Jun, Time:N/A => 17:01:01 lenovo CROND[12920]: (root) CMD (run-parts /etc/cron.hourly)
42. Line:42 -> 29 | Date:Jun, Time:N/A => 17:01:01 lenovo run-parts[12923]: (/etc/cron.hourly) starting 0anacron
43. Line:43 -> 29 | Date:Jun, Time:N/A => 17:01:01 lenovo run-parts[12929]: (/etc/cron.hourly) finished 0anacron
44. Line:44 -> 29 | Date:Jun, Time:N/A => 17:01:01 lenovo CROND[12919]: (root) CMDEND (run-parts /etc/cron.hourly)
45. Line:45 -> 29 | Date:Jun, Time:N/A => 18:01:01 lenovo CROND[14156]: (root) CMD (run-parts /etc/cron.hourly)
46. Line:46 -> 29 | Date:Jun, Time:N/A => 18:01:01 lenovo run-parts[14159]: (/etc/cron.hourly) starting 0anacron
47. Line:47 -> 29 | Date:Jun, Time:N/A => 18:01:01 lenovo run-parts[14165]: (/etc/cron.hourly) finished 0anacron
48. Line:48 -> 29 | Date:Jun, Time:N/A => 18:01:01 lenovo CROND[14155]: (root) CMDEND (run-parts /etc/cron.hourly)
49. Line:49 -> 29 | Date:Jun, Time:N/A => 19:01:01 lenovo CROND[15567]: (root) CMD (run-parts /etc/cron.hourly)
50. Line:50 -> 29 | Date:Jun, Time:N/A => 19:01:01 lenovo run-parts[15570]: (/etc/cron.hourly) starting 0anacron
51. Line:51 -> 29 | Date:Jun, Time:N/A => 19:01:01 lenovo run-parts[15576]: (/etc/cron.hourly) finished 0anacron
52. Line:52 -> 29 | Date:Jun, Time:N/A => 19:01:01 lenovo CROND[15566]: (root) CMDEND (run-parts /etc/cron.hourly)
53. Line:53 -> 29 | Date:Jun, Time:N/A => 20:01:01 lenovo CROND[16562]: (root) CMD (run-parts /etc/cron.hourly)
54. Line:54 -> 29 | Date:Jun, Time:N/A => 20:01:01 lenovo run-parts[16565]: (/etc/cron.hourly) starting 0anacron
55. Line:55 -> 29 | Date:Jun, Time:N/A => 20:01:01 lenovo run-parts[16571]: (/etc/cron.hourly) finished 0anacron
56. Line:56 -> 29 | Date:Jun, Time:N/A => 20:01:01 lenovo CROND[16561]: (root) CMDEND (run-parts /etc/cron.hourly)
57. Line:57 -> 29 | Date:Jun, Time:N/A => 21:01:01 lenovo CROND[17660]: (root) CMD (run-parts /etc/cron.hourly)
58. Line:58 -> 29 | Date:Jun, Time:N/A => 21:01:01 lenovo run-parts[17663]: (/etc/cron.hourly) starting 0anacron
59. Line:59 -> 29 | Date:Jun, Time:N/A => 21:01:01 lenovo run-parts[17669]: (/etc/cron.hourly) finished 0anacron
60. Line:60 -> 29 | Date:Jun, Time:N/A => 21:01:01 lenovo CROND[17659]: (root) CMDEND (run-parts /etc/cron.hourly)
61. Line:61 -> 29 | Date:Jun, Time:N/A => 22:01:01 lenovo CROND[18765]: (root) CMD (run-parts /etc/cron.hourly)
62. Line:62 -> 29 | Date:Jun, Time:N/A => 22:01:01 lenovo run-parts[18768]: (/etc/cron.hourly) starting 0anacron
63. Line:63 -> 29 | Date:Jun, Time:N/A => 22:01:01 lenovo run-parts[18774]: (/etc/cron.hourly) finished 0anacron
64. Line:64 -> 29 | Date:Jun, Time:N/A => 22:01:01 lenovo CROND[18764]: (root) CMDEND (run-parts /etc/cron.hourly)
65. Line:65 -> 29 | Date:Jun, Time:N/A => 23:01:01 lenovo CROND[19680]: (root) CMD (run-parts /etc/cron.hourly)
66. Line:66 -> 29 | Date:Jun, Time:N/A => 23:01:01 lenovo run-parts[19683]: (/etc/cron.hourly) starting 0anacron
67. Line:67 -> 29 | Date:Jun, Time:N/A => 23:01:01 lenovo run-parts[19689]: (/etc/cron.hourly) finished 0anacron
68. Line:68 -> 29 | Date:Jun, Time:N/A => 23:01:01 lenovo CROND[19679]: (root) CMDEND (run-parts /etc/cron.hourly)
69. Line:69 -> 30 | Date:Jun, Time:N/A => 00:01:01 lenovo CROND[20610]: (root) CMD (run-parts /etc/cron.hourly)
70. Line:70 -> 30 | Date:Jun, Time:N/A => 00:01:01 lenovo run-parts[20613]: (/etc/cron.hourly) starting 0anacron
71. Line:71 -> 30 | Date:Jun, Time:N/A => 00:01:02 lenovo anacron[20623]: Anacron started on 2025-06-30
72. Line:72 -> 30 | Date:Jun, Time:N/A => 00:01:02 lenovo anacron[20623]: Normal exit (0 jobs run)
73. Line:73 -> 30 | Date:Jun, Time:N/A => 00:01:02 lenovo run-parts[20625]: (/etc/cron.hourly) finished 0anacron
74. Line:74 -> 30 | Date:Jun, Time:N/A => 00:01:02 lenovo CROND[20609]: (root) CMDEND (run-parts /etc/cron.hourly)
75. Line:75 -> 30 | Date:Jun, Time:N/A => 01:01:01 lenovo CROND[21520]: (root) CMD (run-parts /etc/cron.hourly)
76. Line:76 -> 30 | Date:Jun, Time:N/A => 01:01:01 lenovo run-parts[21523]: (/etc/cron.hourly) starting 0anacron
77. Line:77 -> 30 | Date:Jun, Time:N/A => 01:01:01 lenovo anacron[21533]: Anacron started on 2025-06-30
78. Line:78 -> 30 | Date:Jun, Time:N/A => 01:01:01 lenovo anacron[21533]: Normal exit (0 jobs run)
79. Line:79 -> 30 | Date:Jun, Time:N/A => 01:01:01 lenovo run-parts[21535]: (/etc/cron.hourly) finished 0anacron
80. Line:80 -> 30 | Date:Jun, Time:N/A => 01:01:01 lenovo CROND[21519]: (root) CMDEND (run-parts /etc/cron.hourly)
81. Line:81 -> 30 | Date:Jun, Time:N/A => 18:37:04 lenovo crond[1038]: (CRON) STARTUP (1.5.7)
82. Line:82 -> 30 | Date:Jun, Time:N/A => 18:37:04 lenovo crond[1038]: (CRON) INFO (Syslog will be used instead of sendmail.)
83. Line:83 -> 30 | Date:Jun, Time:N/A => 18:37:04 lenovo crond[1038]: (CRON) INFO (RANDOM_DELAY will be scaled with factor 53% if used.)
84. Line:84 -> 30 | Date:Jun, Time:N/A => 18:37:04 lenovo crond[1038]: (CRON) INFO (running with inotify support)
85. Line:85 -> 30 | Date:Jun, Time:N/A => 19:01:01 lenovo CROND[3892]: (root) CMD (run-parts /etc/cron.hourly)
86. Line:86 -> 30 | Date:Jun, Time:N/A => 19:01:01 lenovo run-parts[3895]: (/etc/cron.hourly) starting 0anacron
87. Line:87 -> 30 | Date:Jun, Time:N/A => 19:01:01 lenovo run-parts[3907]: (/etc/cron.hourly) finished 0anacron
88. Line:88 -> 30 | Date:Jun, Time:N/A => 19:01:01 lenovo CROND[3891]: (root) CMDEND (run-parts /etc/cron.hourly)
89. Line:89 -> 30 | Date:Jun, Time:N/A => 20:01:01 lenovo CROND[4925]: (root) CMD (run-parts /etc/cron.hourly)
90. Line:90 -> 30 | Date:Jun, Time:N/A => 20:01:01 lenovo run-parts[4928]: (/etc/cron.hourly) starting 0anacron
91. Line:91 -> 30 | Date:Jun, Time:N/A => 20:01:01 lenovo anacron[4938]: Anacron started on 2025-06-30
92. Line:92 -> 30 | Date:Jun, Time:N/A => 20:01:01 lenovo run-parts[4940]: (/etc/cron.hourly) finished 0anacron
93. Line:93 -> 30 | Date:Jun, Time:N/A => 20:01:01 lenovo CROND[4924]: (root) CMDEND (run-parts /etc/cron.hourly)
94. Line:94 -> 30 | Date:Jun, Time:N/A => 20:01:01 lenovo anacron[4938]: Will run job `cron.daily' in 15 min.
95. Line:95 -> 30 | Date:Jun, Time:N/A => 20:01:01 lenovo anacron[4938]: Jobs will be executed sequentially
96. Line:96 -> 30 | Date:Jun, Time:N/A => 20:16:01 lenovo anacron[4938]: Job `cron.daily' started
97. Line:97 -> 30 | Date:Jun, Time:N/A => 20:16:01 lenovo anacron[4938]: Job `cron.daily' terminated
98. Line:98 -> 30 | Date:Jun, Time:N/A => 20:16:01 lenovo anacron[4938]: Normal exit (1 job run)
99. Line:99 -> 30 | Date:Jun, Time:N/A => 21:01:01 lenovo CROND[5934]: (root) CMD (run-parts /etc/cron.hourly)
100. Line:100 -> 30 | Date:Jun, Time:N/A => 21:01:01 lenovo run-parts[5937]: (/etc/cron.hourly) starting 0anacron
101. Line:101 -> 30 | Date:Jun, Time:N/A => 21:01:01 lenovo run-parts[5943]: (/etc/cron.hourly) finished 0anacron
102. Line:102 -> 30 | Date:Jun, Time:N/A => 21:01:01 lenovo CROND[5933]: (root) CMDEND (run-parts /etc/cron.hourly)
103. Line:103 -> 30 | Date:Jun, Time:N/A => 22:01:01 lenovo CROND[6851]: (root) CMD (run-parts /etc/cron.hourly)
104. Line:104 -> 30 | Date:Jun, Time:N/A => 22:01:01 lenovo run-parts[6854]: (/etc/cron.hourly) starting 0anacron
105. Line:105 -> 30 | Date:Jun, Time:N/A => 22:01:01 lenovo run-parts[6860]: (/etc/cron.hourly) finished 0anacron
106. Line:106 -> 30 | Date:Jun, Time:N/A => 22:01:01 lenovo CROND[6850]: (root) CMDEND (run-parts /etc/cron.hourly)
107. Line:107 -> 30 | Date:Jun, Time:N/A => 23:01:02 lenovo CROND[7910]: (root) CMD (run-parts /etc/cron.hourly)
108. Line:108 -> 30 | Date:Jun, Time:N/A => 23:01:02 lenovo run-parts[7913]: (/etc/cron.hourly) starting 0anacron
109. Line:109 -> 30 | Date:Jun, Time:N/A => 23:01:02 lenovo run-parts[7919]: (/etc/cron.hourly) finished 0anacron
110. Line:110 -> 30 | Date:Jun, Time:N/A => 23:01:02 lenovo CROND[7909]: (root) CMDEND (run-parts /etc/cron.hourly)
111. Line:111 ->  | Date:Jul, Time:N/A => 1 00:01:01 lenovo CROND[9167]: (root) CMD (run-parts /etc/cron.hourly)
112. Line:112 ->  | Date:Jul, Time:N/A => 1 00:01:01 lenovo run-parts[9170]: (/etc/cron.hourly) starting 0anacron
113. Line:113 ->  | Date:Jul, Time:N/A => 1 00:01:01 lenovo anacron[9180]: Anacron started on 2025-07-01
114. Line:114 ->  | Date:Jul, Time:N/A => 1 00:01:01 lenovo anacron[9180]: Normal exit (0 jobs run)
115. Line:115 ->  | Date:Jul, Time:N/A => 1 00:01:01 lenovo run-parts[9182]: (/etc/cron.hourly) finished 0anacron
116. Line:116 ->  | Date:Jul, Time:N/A => 1 00:01:01 lenovo CROND[9166]: (root) CMDEND (run-parts /etc/cron.hourly)
117. Line:117 ->  | Date:Jul, Time:N/A => 1 12:43:56 lenovo crond[1036]: (CRON) STARTUP (1.5.7)
118. Line:118 ->  | Date:Jul, Time:N/A => 1 12:43:56 lenovo crond[1036]: (CRON) INFO (Syslog will be used instead of sendmail.)
119. Line:119 ->  | Date:Jul, Time:N/A => 1 12:43:56 lenovo crond[1036]: (CRON) INFO (RANDOM_DELAY will be scaled with factor 98% if used.)
120. Line:120 ->  | Date:Jul, Time:N/A => 1 12:43:56 lenovo crond[1036]: (CRON) INFO (running with inotify support)
121. Line:121 ->  | Date:Jul, Time:N/A => 1 13:01:01 lenovo CROND[2132]: (root) CMD (run-parts /etc/cron.hourly)
122. Line:122 ->  | Date:Jul, Time:N/A => 1 13:01:01 lenovo run-parts[2135]: (/etc/cron.hourly) starting 0anacron
123. Line:123 ->  | Date:Jul, Time:N/A => 1 13:01:01 lenovo anacron[2145]: Anacron started on 2025-07-01
124. Line:124 ->  | Date:Jul, Time:N/A => 1 13:01:01 lenovo run-parts[2147]: (/etc/cron.hourly) finished 0anacron
125. Line:125 ->  | Date:Jul, Time:N/A => 1 13:01:01 lenovo anacron[2145]: Will run job `cron.daily' in 46 min.
126. Line:126 ->  | Date:Jul, Time:N/A => 1 13:01:01 lenovo anacron[2145]: Jobs will be executed sequentially
127. Line:127 ->  | Date:Jul, Time:N/A => 1 13:01:01 lenovo CROND[2131]: (root) CMDEND (run-parts /etc/cron.hourly)
128. Line:128 ->  | Date:Jul, Time:N/A => 1 13:47:01 lenovo anacron[2145]: Job `cron.daily' started
129. Line:129 ->  | Date:Jul, Time:N/A => 1 13:47:01 lenovo anacron[2145]: Job `cron.daily' terminated
130. Line:130 ->  | Date:Jul, Time:N/A => 1 13:47:01 lenovo anacron[2145]: Normal exit (1 job run)
131. Line:131 ->  | Date:Jul, Time:N/A => 1 14:01:01 lenovo CROND[4779]: (root) CMD (run-parts /etc/cron.hourly)
132. Line:132 ->  | Date:Jul, Time:N/A => 1 14:01:01 lenovo run-parts[4782]: (/etc/cron.hourly) starting 0anacron
133. Line:133 ->  | Date:Jul, Time:N/A => 1 14:01:01 lenovo run-parts[4788]: (/etc/cron.hourly) finished 0anacron
134. Line:134 ->  | Date:Jul, Time:N/A => 1 14:01:01 lenovo CROND[4778]: (root) CMDEND (run-parts /etc/cron.hourly)
135. Line:135 ->  | Date:Jul, Time:N/A => 1 15:01:01 lenovo CROND[5582]: (root) CMD (run-parts /etc/cron.hourly)
136. Line:136 ->  | Date:Jul, Time:N/A => 1 15:01:01 lenovo run-parts[5585]: (/etc/cron.hourly) starting 0anacron
137. Line:137 ->  | Date:Jul, Time:N/A => 1 15:01:01 lenovo run-parts[5591]: (/etc/cron.hourly) finished 0anacron
138. Line:138 ->  | Date:Jul, Time:N/A => 1 15:01:01 lenovo CROND[5581]: (root) CMDEND (run-parts /etc/cron.hourly)
139. Line:139 ->  | Date:Jul, Time:N/A => 1 16:01:01 lenovo CROND[6521]: (root) CMD (run-parts /etc/cron.hourly)
140. Line:140 ->  | Date:Jul, Time:N/A => 1 16:01:01 lenovo run-parts[6524]: (/etc/cron.hourly) starting 0anacron
141. Line:141 ->  | Date:Jul, Time:N/A => 1 16:01:01 lenovo run-parts[6530]: (/etc/cron.hourly) finished 0anacron
142. Line:142 ->  | Date:Jul, Time:N/A => 1 16:01:01 lenovo CROND[6520]: (root) CMDEND (run-parts /etc/cron.hourly)
143. Line:143 ->  | Date:Jul, Time:N/A => 1 17:01:01 lenovo CROND[7251]: (root) CMD (run-parts /etc/cron.hourly)
144. Line:144 ->  | Date:Jul, Time:N/A => 1 17:01:02 lenovo run-parts[7254]: (/etc/cron.hourly) starting 0anacron
145. Line:145 ->  | Date:Jul, Time:N/A => 1 17:01:02 lenovo run-parts[7260]: (/etc/cron.hourly) finished 0anacron
146. Line:146 ->  | Date:Jul, Time:N/A => 1 17:01:02 lenovo CROND[7250]: (root) CMDEND (run-parts /etc/cron.hourly)
147. Line:147 ->  | Date:Jul, Time:N/A => 1 18:01:01 lenovo CROND[7924]: (root) CMD (run-parts /etc/cron.hourly)
148. Line:148 ->  | Date:Jul, Time:N/A => 1 18:01:01 lenovo run-parts[7927]: (/etc/cron.hourly) starting 0anacron
149. Line:149 ->  | Date:Jul, Time:N/A => 1 18:01:01 lenovo run-parts[7933]: (/etc/cron.hourly) finished 0anacron
150. Line:150 ->  | Date:Jul, Time:N/A => 1 18:01:01 lenovo CROND[7923]: (root) CMDEND (run-parts /etc/cron.hourly)
151. Line:151 ->  | Date:Jul, Time:N/A => 1 19:01:01 lenovo CROND[8626]: (root) CMD (run-parts /etc/cron.hourly)
152. Line:152 ->  | Date:Jul, Time:N/A => 1 19:01:01 lenovo run-parts[8629]: (/etc/cron.hourly) starting 0anacron
153. Line:153 ->  | Date:Jul, Time:N/A => 1 19:01:01 lenovo run-parts[8635]: (/etc/cron.hourly) finished 0anacron
154. Line:154 ->  | Date:Jul, Time:N/A => 1 19:01:01 lenovo CROND[8625]: (root) CMDEND (run-parts /etc/cron.hourly)
155. Line:155 ->  | Date:Jul, Time:N/A => 1 20:01:01 lenovo CROND[9412]: (root) CMD (run-parts /etc/cron.hourly)
156. Line:156 ->  | Date:Jul, Time:N/A => 1 20:01:01 lenovo run-parts[9415]: (/etc/cron.hourly) starting 0anacron
157. Line:157 ->  | Date:Jul, Time:N/A => 1 20:01:01 lenovo run-parts[9421]: (/etc/cron.hourly) finished 0anacron
158. Line:158 ->  | Date:Jul, Time:N/A => 1 20:01:01 lenovo CROND[9411]: (root) CMDEND (run-parts /etc/cron.hourly)
159. Line:159 ->  | Date:Jul, Time:N/A => 1 21:01:01 lenovo CROND[10264]: (root) CMD (run-parts /etc/cron.hourly)
160. Line:160 ->  | Date:Jul, Time:N/A => 1 21:01:01 lenovo run-parts[10267]: (/etc/cron.hourly) starting 0anacron
161. Line:161 ->  | Date:Jul, Time:N/A => 1 21:01:01 lenovo run-parts[10273]: (/etc/cron.hourly) finished 0anacron
162. Line:162 ->  | Date:Jul, Time:N/A => 1 21:01:01 lenovo CROND[10263]: (root) CMDEND (run-parts /etc/cron.hourly)
163. Line:163 ->  | Date:Jul, Time:N/A => 1 22:01:01 lenovo CROND[11168]: (root) CMD (run-parts /etc/cron.hourly)
164. Line:164 ->  | Date:Jul, Time:N/A => 1 22:01:01 lenovo run-parts[11171]: (/etc/cron.hourly) starting 0anacron
165. Line:165 ->  | Date:Jul, Time:N/A => 1 22:01:01 lenovo run-parts[11177]: (/etc/cron.hourly) finished 0anacron
166. Line:166 ->  | Date:Jul, Time:N/A => 1 22:01:01 lenovo CROND[11167]: (root) CMDEND (run-parts /etc/cron.hourly)
167. Line:167 ->  | Date:Jul, Time:N/A => 1 23:01:01 lenovo CROND[12454]: (root) CMD (run-parts /etc/cron.hourly)
168. Line:168 ->  | Date:Jul, Time:N/A => 1 23:01:01 lenovo run-parts[12457]: (/etc/cron.hourly) starting 0anacron
169. Line:169 ->  | Date:Jul, Time:N/A => 1 23:01:01 lenovo run-parts[12463]: (/etc/cron.hourly) finished 0anacron
170. Line:170 ->  | Date:Jul, Time:N/A => 1 23:01:01 lenovo CROND[12453]: (root) CMDEND (run-parts /etc/cron.hourly)
171. Line:171 ->  | Date:Jul, Time:N/A => 2 00:01:01 lenovo CROND[13310]: (root) CMD (run-parts /etc/cron.hourly)
172. Line:172 ->  | Date:Jul, Time:N/A => 2 00:01:01 lenovo run-parts[13313]: (/etc/cron.hourly) starting 0anacron
173. Line:173 ->  | Date:Jul, Time:N/A => 2 00:01:01 lenovo anacron[13323]: Anacron started on 2025-07-02
174. Line:174 ->  | Date:Jul, Time:N/A => 2 00:01:01 lenovo anacron[13323]: Normal exit (0 jobs run)
175. Line:175 ->  | Date:Jul, Time:N/A => 2 00:01:01 lenovo run-parts[13325]: (/etc/cron.hourly) finished 0anacron
176. Line:176 ->  | Date:Jul, Time:N/A => 2 00:01:01 lenovo CROND[13309]: (root) CMDEND (run-parts /etc/cron.hourly)
177. Line:177 ->  | Date:Jul, Time:N/A => 2 14:18:23 lenovo crond[1034]: (CRON) STARTUP (1.5.7)
178. Line:178 ->  | Date:Jul, Time:N/A => 2 14:18:23 lenovo crond[1034]: (CRON) INFO (Syslog will be used instead of sendmail.)
179. Line:179 ->  | Date:Jul, Time:N/A => 2 14:18:23 lenovo crond[1034]: (CRON) INFO (RANDOM_DELAY will be scaled with factor 7% if used.)
180. Line:180 ->  | Date:Jul, Time:N/A => 2 14:18:23 lenovo crond[1034]: (CRON) INFO (running with inotify support)
181. Line:181 ->  | Date:Jul, Time:N/A => 2 15:01:01 lenovo CROND[7516]: (root) CMD (run-parts /etc/cron.hourly)
182. Line:182 ->  | Date:Jul, Time:N/A => 2 15:01:01 lenovo run-parts[7519]: (/etc/cron.hourly) starting 0anacron
183. Line:183 ->  | Date:Jul, Time:N/A => 2 15:01:01 lenovo anacron[7529]: Anacron started on 2025-07-02
184. Line:184 ->  | Date:Jul, Time:N/A => 2 15:01:01 lenovo run-parts[7531]: (/etc/cron.hourly) finished 0anacron
185. Line:185 ->  | Date:Jul, Time:N/A => 2 15:01:01 lenovo CROND[7515]: (root) CMDEND (run-parts /etc/cron.hourly)
186. Line:186 ->  | Date:Jul, Time:N/A => 2 15:01:01 lenovo anacron[7529]: Will run job `cron.daily' in 48 min.
187. Line:187 ->  | Date:Jul, Time:N/A => 2 15:01:01 lenovo anacron[7529]: Will run job `cron.weekly' in 68 min.
188. Line:188 ->  | Date:Jul, Time:N/A => 2 15:01:01 lenovo anacron[7529]: Jobs will be executed sequentially
189. Line:189 ->  | Date:Jul, Time:N/A => 2 15:49:01 lenovo anacron[7529]: Job `cron.daily' started
190. Line:190 ->  | Date:Jul, Time:N/A => 2 15:49:01 lenovo anacron[7529]: Job `cron.daily' terminated
191. Line:191 ->  | Date:Jul, Time:N/A => 2 16:01:01 lenovo CROND[8653]: (root) CMD (run-parts /etc/cron.hourly)
192. Line:192 ->  | Date:Jul, Time:N/A => 2 16:01:01 lenovo run-parts[8656]: (/etc/cron.hourly) starting 0anacron
193. Line:193 ->  | Date:Jul, Time:N/A => 2 16:01:01 lenovo run-parts[8662]: (/etc/cron.hourly) finished 0anacron
194. Line:194 ->  | Date:Jul, Time:N/A => 2 16:01:01 lenovo CROND[8652]: (root) CMDEND (run-parts /etc/cron.hourly)
195. Line:195 ->  | Date:Jul, Time:N/A => 2 16:09:01 lenovo anacron[7529]: Job `cron.weekly' started
196. Line:196 ->  | Date:Jul, Time:N/A => 2 16:09:01 lenovo anacron[7529]: Job `cron.weekly' terminated
197. Line:197 ->  | Date:Jul, Time:N/A => 2 16:09:01 lenovo anacron[7529]: Normal exit (2 jobs run)
198. Line:198 ->  | Date:Jul, Time:N/A => 2 17:01:01 lenovo CROND[9291]: (root) CMD (run-parts /etc/cron.hourly)
199. Line:199 ->  | Date:Jul, Time:N/A => 2 17:01:01 lenovo run-parts[9294]: (/etc/cron.hourly) starting 0anacron
200. Line:200 ->  | Date:Jul, Time:N/A => 2 17:01:01 lenovo run-parts[9300]: (/etc/cron.hourly) finished 0anacron
201. Line:201 ->  | Date:Jul, Time:N/A => 2 17:01:01 lenovo CROND[9290]: (root) CMDEND (run-parts /etc/cron.hourly)
202. Line:202 ->  | Date:Jul, Time:N/A => 2 18:01:01 lenovo CROND[9933]: (root) CMD (run-parts /etc/cron.hourly)
203. Line:203 ->  | Date:Jul, Time:N/A => 2 18:01:01 lenovo run-parts[9936]: (/etc/cron.hourly) starting 0anacron
204. Line:204 ->  | Date:Jul, Time:N/A => 2 18:01:01 lenovo run-parts[9942]: (/etc/cron.hourly) finished 0anacron
205. Line:205 ->  | Date:Jul, Time:N/A => 2 18:01:01 lenovo CROND[9932]: (root) CMDEND (run-parts /etc/cron.hourly)
206. Line:206 ->  | Date:Jul, Time:N/A => 2 19:01:01 lenovo CROND[10585]: (root) CMD (run-parts /etc/cron.hourly)
207. Line:207 ->  | Date:Jul, Time:N/A => 2 19:01:01 lenovo run-parts[10588]: (/etc/cron.hourly) starting 0anacron
208. Line:208 ->  | Date:Jul, Time:N/A => 2 19:01:01 lenovo run-parts[10594]: (/etc/cron.hourly) finished 0anacron
209. Line:209 ->  | Date:Jul, Time:N/A => 2 19:01:01 lenovo CROND[10584]: (root) CMDEND (run-parts /etc/cron.hourly)
210. Line:210 ->  | Date:Jul, Time:N/A => 2 20:01:01 lenovo CROND[11283]: (root) CMD (run-parts /etc/cron.hourly)
211. Line:211 ->  | Date:Jul, Time:N/A => 2 20:01:01 lenovo run-parts[11286]: (/etc/cron.hourly) starting 0anacron
212. Line:212 ->  | Date:Jul, Time:N/A => 2 20:01:01 lenovo run-parts[11292]: (/etc/cron.hourly) finished 0anacron
213. Line:213 ->  | Date:Jul, Time:N/A => 2 20:01:01 lenovo CROND[11282]: (root) CMDEND (run-parts /etc/cron.hourly)
214. Line:214 ->  | Date:Jul, Time:N/A => 2 21:01:01 lenovo CROND[12992]: (root) CMD (run-parts /etc/cron.hourly)
215. Line:215 ->  | Date:Jul, Time:N/A => 2 21:01:01 lenovo run-parts[12995]: (/etc/cron.hourly) starting 0anacron
216. Line:216 ->  | Date:Jul, Time:N/A => 2 21:01:01 lenovo run-parts[13001]: (/etc/cron.hourly) finished 0anacron
217. Line:217 ->  | Date:Jul, Time:N/A => 2 21:01:01 lenovo CROND[12991]: (root) CMDEND (run-parts /etc/cron.hourly)
218. Line:218 ->  | Date:Jul, Time:N/A => 2 22:01:01 lenovo CROND[14195]: (root) CMD (run-parts /etc/cron.hourly)
219. Line:219 ->  | Date:Jul, Time:N/A => 2 22:01:01 lenovo run-parts[14198]: (/etc/cron.hourly) starting 0anacron
220. Line:220 ->  | Date:Jul, Time:N/A => 2 22:01:01 lenovo run-parts[14204]: (/etc/cron.hourly) finished 0anacron
221. Line:221 ->  | Date:Jul, Time:N/A => 2 22:01:01 lenovo CROND[14194]: (root) CMDEND (run-parts /etc/cron.hourly)
222. Line:222 ->  | Date:Jul, Time:N/A => 2 23:01:01 lenovo CROND[15238]: (root) CMD (run-parts /etc/cron.hourly)
223. Line:223 ->  | Date:Jul, Time:N/A => 2 23:01:01 lenovo run-parts[15241]: (/etc/cron.hourly) starting 0anacron
224. Line:224 ->  | Date:Jul, Time:N/A => 2 23:01:01 lenovo run-parts[15247]: (/etc/cron.hourly) finished 0anacron
225. Line:225 ->  | Date:Jul, Time:N/A => 2 23:01:01 lenovo CROND[15237]: (root) CMDEND (run-parts /etc/cron.hourly)
226. Line:226 ->  | Date:Jul, Time:N/A => 3 00:01:01 lenovo CROND[16325]: (root) CMD (run-parts /etc/cron.hourly)
227. Line:227 ->  | Date:Jul, Time:N/A => 3 00:01:01 lenovo run-parts[16328]: (/etc/cron.hourly) starting 0anacron
228. Line:228 ->  | Date:Jul, Time:N/A => 3 00:01:01 lenovo anacron[16338]: Anacron started on 2025-07-03
229. Line:229 ->  | Date:Jul, Time:N/A => 3 00:01:01 lenovo run-parts[16340]: (/etc/cron.hourly) finished 0anacron
230. Line:230 ->  | Date:Jul, Time:N/A => 3 00:01:01 lenovo anacron[16338]: Normal exit (0 jobs run)
231. Line:231 ->  | Date:Jul, Time:N/A => 3 00:01:01 lenovo CROND[16324]: (root) CMDEND (run-parts /etc/cron.hourly)
232. Line:232 ->  | Date:Jul, Time:N/A => 3 01:01:01 lenovo CROND[19105]: (root) CMD (run-parts /etc/cron.hourly)
233. Line:233 ->  | Date:Jul, Time:N/A => 3 01:01:01 lenovo run-parts[19108]: (/etc/cron.hourly) starting 0anacron
234. Line:234 ->  | Date:Jul, Time:N/A => 3 01:01:01 lenovo anacron[19118]: Anacron started on 2025-07-03
235. Line:235 ->  | Date:Jul, Time:N/A => 3 01:01:01 lenovo anacron[19118]: Normal exit (0 jobs run)
236. Line:236 ->  | Date:Jul, Time:N/A => 3 01:01:01 lenovo run-parts[19120]: (/etc/cron.hourly) finished 0anacron
237. Line:237 ->  | Date:Jul, Time:N/A => 3 01:01:01 lenovo CROND[19104]: (root) CMDEND (run-parts /etc/cron.hourly)
238. Line:238 ->  | Date:Jul, Time:N/A => 3 02:01:01 lenovo CROND[23390]: (root) CMD (run-parts /etc/cron.hourly)
239. Line:239 ->  | Date:Jul, Time:N/A => 3 02:01:01 lenovo run-parts[23393]: (/etc/cron.hourly) starting 0anacron
240. Line:240 ->  | Date:Jul, Time:N/A => 3 02:01:01 lenovo anacron[23403]: Anacron started on 2025-07-03
241. Line:241 ->  | Date:Jul, Time:N/A => 3 02:01:01 lenovo anacron[23403]: Normal exit (0 jobs run)
242. Line:242 ->  | Date:Jul, Time:N/A => 3 02:01:01 lenovo run-parts[23405]: (/etc/cron.hourly) finished 0anacron
243. Line:243 ->  | Date:Jul, Time:N/A => 3 02:01:01 lenovo CROND[23389]: (root) CMDEND (run-parts /etc/cron.hourly)
