1. Line:147 ->  | Date:Package, Time:N/A =>                   Architecture      Version                   Repository         Size
2. Line:150 ->  | Date:[1m[32mbash-completion, Time:N/A =>          (B[m noarch            1:2.11-5.el9              baseos            291 k
3. Line:154 ->  | Date:Install, Time:N/A => 1 Package
4. Line:586 ->  | Date:Package, Time:N/A =>                                    Arch        Version                           Repository      Size
5. Line:589 ->  | Date:[1m[32mqemu-kvm, Time:N/A =>                                  (B[m x86_64      17:9.1.0-15.el9_6.4               appstream       68 k
6. Line:591 ->  | Date:[1m[32mcapstone, Time:N/A =>                                  (B[m x86_64      4.0.2-10.el9                      appstream      766 k
7. Line:592 ->  | Date:[1m[32medk2-ovmf, Time:N/A =>                                 (B[m noarch      20241117-2.el9                    appstream      6.1 M
8. Line:593 ->  | Date:[1m[32mipxe-roms-qemu, Time:N/A =>                            (B[m noarch      20200823-9.git4bd064de.el9        appstream      673 k
9. Line:594 ->  | Date:[1m[32mlibblkio, Time:N/A =>                                  (B[m x86_64      1.5.0-1.el9_4                     appstream      1.0 M
10. Line:595 ->  | Date:[1m[32mlibfdt, Time:N/A =>                                    (B[m x86_64      1.6.0-7.el9                       appstream       33 k
11. Line:596 ->  | Date:[1m[32mlibibverbs, Time:N/A =>                                (B[m x86_64      54.0-1.el9                        baseos         434 k
12. Line:597 ->  | Date:[1m[32mlibpmem, Time:N/A =>                                   (B[m x86_64      1.12.1-1.el9                      appstream      111 k
13. Line:598 ->  | Date:[1m[32mlibrados2, Time:N/A =>                                 (B[m x86_64      2:16.2.4-5.el9                    appstream      3.4 M
14. Line:599 ->  | Date:[1m[32mlibrbd1, Time:N/A =>                                   (B[m x86_64      2:16.2.4-5.el9                    appstream      3.0 M
15. Line:600 ->  | Date:[1m[32mlibrdmacm, Time:N/A =>                                 (B[m x86_64      54.0-1.el9                        baseos          70 k
16. Line:601 ->  | Date:[1m[32mqemu-img, Time:N/A =>                                  (B[m x86_64      17:9.1.0-15.el9_6.4               appstream      2.5 M
17. Line:602 ->  | Date:[1m[32mqemu-kvm-audio-pa, Time:N/A =>                         (B[m x86_64      17:9.1.0-15.el9_6.4               appstream       78 k
18. Line:603 ->  | Date:[1m[32mqemu-kvm-block-blkio, Time:N/A =>                      (B[m x86_64      17:9.1.0-15.el9_6.4               appstream       80 k
19. Line:604 ->  | Date:[1m[32mqemu-kvm-block-rbd, Time:N/A =>                        (B[m x86_64      17:9.1.0-15.el9_6.4               appstream       83 k
20. Line:605 ->  | Date:[1m[32mqemu-kvm-common, Time:N/A =>                           (B[m x86_64      17:9.1.0-15.el9_6.4               appstream      672 k
21. Line:606 ->  | Date:[1m[32mqemu-kvm-core, Time:N/A =>                             (B[m x86_64      17:9.1.0-15.el9_6.4               appstream      4.9 M
22. Line:607 ->  | Date:[1m[32mqemu-kvm-device-display-virtio-gpu, Time:N/A =>        (B[m x86_64      17:9.1.0-15.el9_6.4               appstream       89 k
23. Line:608 ->  | Date:[1m[32mqemu-kvm-device-display-virtio-gpu-pci, Time:N/A =>    (B[m x86_64      17:9.1.0-15.el9_6.4               appstream       72 k
24. Line:609 ->  | Date:[1m[32mqemu-kvm-device-display-virtio-vga, Time:N/A =>        (B[m x86_64      17:9.1.0-15.el9_6.4               appstream       74 k
25. Line:610 ->  | Date:[1m[32mqemu-kvm-device-usb-host, Time:N/A =>                  (B[m x86_64      17:9.1.0-15.el9_6.4               appstream       87 k
26. Line:611 ->  | Date:[1m[32mqemu-kvm-device-usb-redirect, Time:N/A =>              (B[m x86_64      17:9.1.0-15.el9_6.4               appstream       92 k
27. Line:612 ->  | Date:[1m[32mqemu-kvm-docs, Time:N/A =>                             (B[m x86_64      17:9.1.0-15.el9_6.4               appstream      1.2 M
28. Line:613 ->  | Date:[1m[32mqemu-kvm-tools, Time:N/A =>                            (B[m x86_64      17:9.1.0-15.el9_6.4               appstream      576 k
29. Line:614 ->  | Date:[1m[32mqemu-kvm-ui-egl-headless, Time:N/A =>                  (B[m x86_64      17:9.1.0-15.el9_6.4               appstream       73 k
30. Line:615 ->  | Date:[1m[32mqemu-kvm-ui-opengl, Time:N/A =>                        (B[m x86_64      17:9.1.0-15.el9_6.4               appstream       81 k
31. Line:616 ->  | Date:[1m[32mqemu-pr-helper, Time:N/A =>                            (B[m x86_64      17:9.1.0-15.el9_6.4               appstream      497 k
32. Line:617 ->  | Date:[1m[32mseabios-bin, Time:N/A =>                               (B[m noarch      1.16.3-4.el9                      appstream      100 k
33. Line:618 ->  | Date:[1m[32mseavgabios-bin, Time:N/A =>                            (B[m noarch      1.16.3-4.el9                      appstream       34 k
34. Line:619 ->  | Date:[1m[32musbredir, Time:N/A =>                                  (B[m x86_64      0.13.0-2.el9                      appstream       50 k
35. Line:620 ->  | Date:[1m[32mvirtiofsd, Time:N/A =>                                 (B[m x86_64      1.13.0-1.el9                      appstream      988 k
36. Line:624 ->  | Date:Install, Time:N/A => 31 Packages
37. Line:817 ->  | Date:Package, Time:N/A =>                                  Arch       Version                               Repository     Size
38. Line:820 ->  | Date:[1m[32mlibvirt, Time:N/A =>                                 (B[m x86_64     10.10.0-7.3.el9_6                     appstream      29 k
39. Line:822 ->  | Date:[1m[32mbzip2, Time:N/A =>                                   (B[m x86_64     1.0.8-10.el9_5                        baseos         51 k
40. Line:823 ->  | Date:[1m[32mcyrus-sasl-gssapi, Time:N/A =>                       (B[m x86_64     2.1.27-21.el9                         baseos         26 k
41. Line:824 ->  | Date:[1m[32mgnutls-dane, Time:N/A =>                             (B[m x86_64     3.8.3-6.el9                           appstream      18 k
42. Line:825 ->  | Date:[1m[32mgnutls-utils, Time:N/A =>                            (B[m x86_64     3.8.3-6.el9                           appstream     283 k
43. Line:826 ->  | Date:[1m[32mgssproxy, Time:N/A =>                                (B[m x86_64     0.8.4-7.el9                           baseos        108 k
44. Line:827 ->  | Date:[1m[32mlibev, Time:N/A =>                                   (B[m x86_64     4.33-6.el9                            baseos         51 k
45. Line:828 ->  | Date:[1m[32mlibnbd, Time:N/A =>                                  (B[m x86_64     1.20.3-1.el9                          appstream     168 k
46. Line:829 ->  | Date:[1m[32mlibnfsidmap, Time:N/A =>                             (B[m x86_64     1:2.5.4-34.el9                        baseos         60 k
47. Line:830 ->  | Date:[1m[32mlibpcap, Time:N/A =>                                 (B[m x86_64     14:1.10.0-4.el9                       baseos        172 k
48. Line:831 ->  | Date:[1m[32mlibtpms, Time:N/A =>                                 (B[m x86_64     0.9.1-4.20211126git1ff6fe1f43.el9     appstream     182 k
49. Line:832 ->  | Date:[1m[32mlibverto-libev, Time:N/A =>                          (B[m x86_64     0.3.2-3.el9                           baseos         13 k
50. Line:833 ->  | Date:[1m[32mlibvirt-client, Time:N/A =>                          (B[m x86_64     10.10.0-7.3.el9_6                     appstream     449 k
51. Line:834 ->  | Date:[1m[32mlibvirt-client-qemu, Time:N/A =>                     (B[m x86_64     10.10.0-7.3.el9_6                     appstream      49 k
52. Line:835 ->  | Date:[1m[32mlibvirt-daemon, Time:N/A =>                          (B[m x86_64     10.10.0-7.3.el9_6                     appstream     216 k
53. Line:836 ->  | Date:[1m[32mlibvirt-daemon-common, Time:N/A =>                   (B[m x86_64     10.10.0-7.3.el9_6                     appstream     137 k
54. Line:837 ->  | Date:[1m[32mlibvirt-daemon-config-network, Time:N/A =>           (B[m x86_64     10.10.0-7.3.el9_6                     appstream      31 k
55. Line:838 ->  | Date:[1m[32mlibvirt-daemon-config-nwfilter, Time:N/A =>          (B[m x86_64     10.10.0-7.3.el9_6                     appstream      37 k
56. Line:839 ->  | Date:[1m[32mlibvirt-daemon-driver-interface, Time:N/A =>         (B[m x86_64     10.10.0-7.3.el9_6                     appstream     222 k
57. Line:840 ->  | Date:[1m[32mlibvirt-daemon-driver-network, Time:N/A =>           (B[m x86_64     10.10.0-7.3.el9_6                     appstream     271 k
58. Line:841 ->  | Date:[1m[32mlibvirt-daemon-driver-nodedev, Time:N/A =>           (B[m x86_64     10.10.0-7.3.el9_6                     appstream     245 k
59. Line:842 ->  | Date:[1m[32mlibvirt-daemon-driver-nwfilter, Time:N/A =>          (B[m x86_64     10.10.0-7.3.el9_6                     appstream     258 k
60. Line:843 ->  | Date:[1m[32mlibvirt-daemon-driver-qemu, Time:N/A =>              (B[m x86_64     10.10.0-7.3.el9_6                     appstream     993 k
61. Line:844 ->  | Date:[1m[32mlibvirt-daemon-driver-secret, Time:N/A =>            (B[m x86_64     10.10.0-7.3.el9_6                     appstream     219 k
62. Line:845 ->  | Date:[1m[32mlibvirt-daemon-driver-storage, Time:N/A =>           (B[m x86_64     10.10.0-7.3.el9_6                     appstream      29 k
63. Line:846 ->  | Date:[1m[32mlibvirt-daemon-driver-storage-core, Time:N/A =>      (B[m x86_64     10.10.0-7.3.el9_6                     appstream     273 k
64. Line:847 ->  | Date:[1m[32mlibvirt-daemon-driver-storage-disk, Time:N/A =>      (B[m x86_64     10.10.0-7.3.el9_6                     appstream      40 k
65. Line:848 ->  | Date:[1m[32mlibvirt-daemon-driver-storage-iscsi, Time:N/A =>     (B[m x86_64     10.10.0-7.3.el9_6                     appstream      37 k
66. Line:849 ->  | Date:[1m[32mlibvirt-daemon-driver-storage-logical, Time:N/A =>   (B[m x86_64     10.10.0-7.3.el9_6                     appstream      41 k
67. Line:850 ->  | Date:[1m[32mlibvirt-daemon-driver-storage-mpath, Time:N/A =>     (B[m x86_64     10.10.0-7.3.el9_6                     appstream      34 k
68. Line:851 ->  | Date:[1m[32mlibvirt-daemon-driver-storage-rbd, Time:N/A =>       (B[m x86_64     10.10.0-7.3.el9_6                     appstream      45 k
69. Line:852 ->  | Date:[1m[32mlibvirt-daemon-driver-storage-scsi, Time:N/A =>      (B[m x86_64     10.10.0-7.3.el9_6                     appstream      37 k
70. Line:853 ->  | Date:[1m[32mlibvirt-daemon-lock, Time:N/A =>                     (B[m x86_64     10.10.0-7.3.el9_6                     appstream      66 k
71. Line:854 ->  | Date:[1m[32mlibvirt-daemon-log, Time:N/A =>                      (B[m x86_64     10.10.0-7.3.el9_6                     appstream      70 k
72. Line:855 ->  | Date:[1m[32mlibvirt-daemon-plugin-lockd, Time:N/A =>             (B[m x86_64     10.10.0-7.3.el9_6                     appstream      40 k
73. Line:856 ->  | Date:[1m[32mlibvirt-daemon-proxy, Time:N/A =>                    (B[m x86_64     10.10.0-7.3.el9_6                     appstream     214 k
74. Line:857 ->  | Date:[1m[32mlibvirt-libs, Time:N/A =>                            (B[m x86_64     10.10.0-7.3.el9_6                     appstream     5.0 M
75. Line:858 ->  | Date:[1m[32mlzop, Time:N/A =>                                    (B[m x86_64     1.04-8.el9                            baseos         55 k
76. Line:859 ->  | Date:[1m[32mmdevctl, Time:N/A =>                                 (B[m x86_64     1.1.0-4.el9                           appstream     758 k
77. Line:860 ->  | Date:[1m[32mnbdkit-basic-filters, Time:N/A =>                    (B[m x86_64     1.38.5-2.el9                          appstream     308 k
78. Line:861 ->  | Date:[1m[32mnbdkit-basic-plugins, Time:N/A =>                    (B[m x86_64     1.38.5-2.el9                          appstream     207 k
79. Line:862 ->  | Date:[1m[32mnbdkit-selinux, Time:N/A =>                          (B[m noarch     1.38.5-2.el9                          appstream      23 k
80. Line:863 ->  | Date:[1m[32mnbdkit-server, Time:N/A =>                           (B[m x86_64     1.38.5-2.el9                          appstream     128 k
81. Line:864 ->  | Date:[1m[32mnumad, Time:N/A =>                                   (B[m x86_64     0.5-37.20150602git.el9                baseos         36 k
82. Line:865 ->  | Date:[1m[32mpython3-cffi, Time:N/A =>                            (B[m x86_64     1.14.5-5.el9                          baseos        241 k
83. Line:866 ->  | Date:[1m[32mpython3-cryptography, Time:N/A =>                    (B[m x86_64     36.0.1-4.el9                          baseos        1.2 M
84. Line:867 ->  | Date:[1m[32mpython3-libvirt, Time:N/A =>                         (B[m x86_64     10.10.0-1.el9                         appstream     333 k
85. Line:868 ->  | Date:[1m[32mpython3-ply, Time:N/A =>                             (B[m noarch     3.11-14.el9.0.1                       baseos        103 k
86. Line:869 ->  | Date:[1m[32mpython3-pycparser, Time:N/A =>                       (B[m noarch     2.20-6.el9                            baseos        124 k
87. Line:870 ->  | Date:[1m[32mpython3-pyyaml, Time:N/A =>                          (B[m x86_64     5.4.1-6.el9                           baseos        191 k
88. Line:871 ->  | Date:[1m[32mquota, Time:N/A =>                                   (B[m x86_64     1:4.09-4.el9                          baseos        188 k
89. Line:872 ->  | Date:[1m[32mquota-nls, Time:N/A =>                               (B[m noarch     1:4.09-4.el9                          baseos         76 k
90. Line:873 ->  | Date:[1m[32mrpcbind, Time:N/A =>                                 (B[m x86_64     1.2.6-7.el9                           baseos         56 k
91. Line:874 ->  | Date:[1m[32mscrub, Time:N/A =>                                   (B[m x86_64     2.6.1-4.el9                           appstream      44 k
92. Line:875 ->  | Date:[1m[32msssd-nfs-idmap, Time:N/A =>                          (B[m x86_64     2.9.6-4.el9_6.2                       baseos         39 k
93. Line:876 ->  | Date:[1m[32mswtpm, Time:N/A =>                                   (B[m x86_64     0.8.0-2.el9_4                         appstream      42 k
94. Line:877 ->  | Date:[1m[32mswtpm-libs, Time:N/A =>                              (B[m x86_64     0.8.0-2.el9_4                         appstream      48 k
95. Line:878 ->  | Date:[1m[32mswtpm-tools, Time:N/A =>                             (B[m x86_64     0.8.0-2.el9_4                         appstream     116 k
96. Line:879 ->  | Date:[1m[32msystemd-container, Time:N/A =>                       (B[m x86_64     252-51.el9                            baseos        578 k
97. Line:880 ->  | Date:[1m[32munbound-libs, Time:N/A =>                            (B[m x86_64     1.16.2-18.el9_6                       appstream     548 k
98. Line:881 ->  | Date:[1m[32mzstd, Time:N/A =>                                    (B[m x86_64     1.5.5-1.el9                           baseos        461 k
99. Line:882 -> weak | Date:Installing, Time:N/A => dependencies:
100. Line:883 ->  | Date:[1m[32mnbdkit, Time:N/A =>                                  (B[m x86_64     1.38.5-2.el9                          appstream     8.6 k
101. Line:884 ->  | Date:[1m[32mnbdkit-curl-plugin, Time:N/A =>                      (B[m x86_64     1.38.5-2.el9                          appstream      39 k
102. Line:885 ->  | Date:[1m[32mnbdkit-ssh-plugin, Time:N/A =>                       (B[m x86_64     1.38.5-2.el9                          appstream      29 k
103. Line:886 ->  | Date:[1m[32mnfs-utils, Time:N/A =>                               (B[m x86_64     1:2.5.4-34.el9                        baseos        430 k
104. Line:887 ->  | Date:[1m[32mnmap-ncat, Time:N/A =>                               (B[m x86_64     3:7.92-3.el9                          appstream     222 k
105. Line:891 ->  | Date:Install, Time:N/A => 66 Packages
106. Line:1076 ->  | Date:Package, Time:N/A =>                         Architecture        Version                      Repository              Size
107. Line:1079 ->  | Date:[1m[32mvirt-install, Time:N/A =>                   (B[m noarch              5.0.0-1.el9                  appstream               41 k
108. Line:1081 ->  | Date:[1m[32mlibburn, Time:N/A =>                        (B[m x86_64              1.5.4-5.el9                  appstream              171 k
109. Line:1082 ->  | Date:[1m[32mlibisoburn, Time:N/A =>                     (B[m x86_64              1.5.4-5.el9_5                appstream              414 k
110. Line:1083 ->  | Date:[1m[32mlibisofs, Time:N/A =>                       (B[m x86_64              1.5.4-4.el9                  appstream              221 k
111. Line:1084 ->  | Date:[1m[32mpython3-argcomplete, Time:N/A =>            (B[m noarch              1.12.0-5.el9                 appstream               61 k
112. Line:1085 ->  | Date:[1m[32mvirt-manager-common, Time:N/A =>            (B[m noarch              5.0.0-1.el9                  appstream              1.1 M
113. Line:1086 ->  | Date:[1m[32mxorriso, Time:N/A =>                        (B[m x86_64              1.5.4-5.el9_5                appstream              315 k
114. Line:1090 ->  | Date:Install, Time:N/A => 7 Packages
115. Line:1156 ->  | Date:Package, Time:N/A =>                       Architecture       Version                          Repository             Size
116. Line:1159 ->  | Date:[1m[32mvirt-manager, Time:N/A =>                 (B[m noarch             5.0.0-1.el9                      appstream             529 k
117. Line:1161 ->  | Date:[1m[32mgtk-vnc2, Time:N/A =>                     (B[m x86_64             1.3.0-2.el9                      appstream              40 k
118. Line:1162 ->  | Date:[1m[32mgvnc, Time:N/A =>                         (B[m x86_64             1.3.0-2.el9                      appstream              93 k
119. Line:1163 ->  | Date:[1m[32mlibvirt-glib, Time:N/A =>                 (B[m x86_64             4.0.0-3.el9                      appstream              43 k
120. Line:1164 ->  | Date:[1m[32mlibvirt-ssh-proxy, Time:N/A =>            (B[m x86_64             10.10.0-7.3.el9_6                appstream              36 k
121. Line:1165 -> weak | Date:Installing, Time:N/A => dependencies:
122. Line:1166 ->  | Date:[1m[32mlibvirt-daemon-kvm, Time:N/A =>           (B[m x86_64             10.10.0-7.3.el9_6                appstream              29 k
123. Line:1170 ->  | Date:Install, Time:N/A => 6 Packages
124. Line:1322 -> Curl | Date:-, Time:N/A => error (28): Timeout was reached for https://mirror.dc.uz/rocky/9.6/AppStream/x86_64/os/repodata/repomd.xml [Operation too slow. Less than 1000 bytes/sec transferred the last 30 seconds]
125. Line:1326 -> (most | Date:, Time:raceback => recent call last):
126. Line:1327 -> "/usr/lib/python3.9/site-packages/dnf/repo.py", | Date:File, Time:N/A => line 574, in load
127. Line:1328 -> = | Date:ret, Time:N/A => self._repo.load()
128. Line:1329 -> "/usr/lib64/python3.9/site-packages/libdnf/repo.py", | Date:File, Time:N/A => line 331, in load
129. Line:1331 -> Failed | Date:libdnf._error.Error:, Time:N/A => to download metadata for repo 'appstream': Cannot download repomd.xml: Curl error (28): Timeout was reached for https://mirror.dc.uz/rocky/9.6/AppStream/x86_64/os/repodata/repomd.xml [Operation too slow. Less than 1000 bytes/sec transferred the last 30 seconds]
130. Line:1333 -> handling | Date:During, Time:N/A => of the above exception, another exception occurred:
131. Line:1335 -> (most | Date:, Time:raceback => recent call last):
132. Line:1336 -> "/usr/lib/python3.9/site-packages/dnf/cli/main.py", | Date:File, Time:N/A => line 67, in main
133. Line:1337 -> _main(base, | Date:return, Time:N/A => args, cli_class, option_parser_class)
134. Line:1338 -> "/usr/lib/python3.9/site-packages/dnf/cli/main.py", | Date:File, Time:N/A => line 106, in _main
135. Line:1339 -> cli_run(cli, | Date:return, Time:N/A => base)
136. Line:1340 -> "/usr/lib/python3.9/site-packages/dnf/cli/main.py", | Date:File, Time:N/A => line 122, in cli_run
137. Line:1342 -> "/usr/lib/python3.9/site-packages/dnf/cli/cli.py", | Date:File, Time:N/A => line 1095, in run
138. Line:1344 -> "/usr/lib/python3.9/site-packages/dnf/cli/commands/makecache.py", | Date:File, Time:N/A => line 50, in run
139. Line:1346 -> "/usr/lib/python3.9/site-packages/dnf/base.py", | Date:File, Time:N/A => line 377, in update_cache
140. Line:1347 -> load_available_repos=True) | Date:self.fill_sack(load_system_repo=False,, Time:N/A =>  # performs the md sync
141. Line:1348 -> "/usr/lib/python3.9/site-packages/dnf/base.py", | Date:File, Time:N/A => line 406, in fill_sack
142. Line:1350 -> "/usr/lib/python3.9/site-packages/dnf/base.py", | Date:File, Time:N/A => line 141, in _add_repo_to_sack
143. Line:1352 -> "/usr/lib/python3.9/site-packages/dnf/repo.py", | Date:File, Time:N/A => line 581, in load
144. Line:1354 -> Failed | Date:dnf.exceptions.RepoError:, Time:N/A => to download metadata for repo 'appstream': Cannot download repomd.xml: Curl error (28): Timeout was reached for https://mirror.dc.uz/rocky/9.6/AppStream/x86_64/os/repodata/repomd.xml [Operation too slow. Less than 1000 bytes/sec transferred the last 30 seconds]
145. Line:1439 ->  | Date:Package, Time:N/A =>                  Architecture              Version                           Repository                    Size
146. Line:1442 ->  | Date:[1m[32mvsftpd, Time:N/A =>                  (B[m x86_64                    3.0.5-6.el9                       appstream                    157 k
147. Line:1446 ->  | Date:Install, Time:N/A => 1 Package
148. Line:1545 ->  | Date:Package, Time:N/A =>             Architecture           Version                      Repository              Size
149. Line:1548 ->  | Date:[1m[32mtree, Time:N/A =>               (B[m x86_64                 1.8.0-10.el9                 baseos                  55 k
150. Line:1552 ->  | Date:Install, Time:N/A => 1 Package
151. Line:2127 -> Curl | Date:-, Time:N/A => error (6): Couldn't resolve host name for https://mirrors.rockylinux.org/mirrorlist?arch=x86_64&repo=BaseOS-9 [Could not resolve host: mirrors.rockylinux.org]
152. Line:2131 -> (most | Date:, Time:raceback => recent call last):
153. Line:2132 -> "/usr/lib/python3.9/site-packages/dnf/repo.py", | Date:File, Time:N/A => line 574, in load
154. Line:2133 -> = | Date:ret, Time:N/A => self._repo.load()
155. Line:2134 -> "/usr/lib64/python3.9/site-packages/libdnf/repo.py", | Date:File, Time:N/A => line 331, in load
156. Line:2136 -> Failed | Date:libdnf._error.Error:, Time:N/A => to download metadata for repo 'baseos': Cannot prepare internal mirrorlist: Curl error (6): Couldn't resolve host name for https://mirrors.rockylinux.org/mirrorlist?arch=x86_64&repo=BaseOS-9 [Could not resolve host: mirrors.rockylinux.org]
157. Line:2138 -> handling | Date:During, Time:N/A => of the above exception, another exception occurred:
158. Line:2140 -> (most | Date:, Time:raceback => recent call last):
159. Line:2141 -> "/usr/lib/python3.9/site-packages/dnf/cli/main.py", | Date:File, Time:N/A => line 67, in main
160. Line:2142 -> _main(base, | Date:return, Time:N/A => args, cli_class, option_parser_class)
161. Line:2143 -> "/usr/lib/python3.9/site-packages/dnf/cli/main.py", | Date:File, Time:N/A => line 106, in _main
162. Line:2144 -> cli_run(cli, | Date:return, Time:N/A => base)
163. Line:2145 -> "/usr/lib/python3.9/site-packages/dnf/cli/main.py", | Date:File, Time:N/A => line 122, in cli_run
164. Line:2147 -> "/usr/lib/python3.9/site-packages/dnf/cli/cli.py", | Date:File, Time:N/A => line 1095, in run
165. Line:2149 -> "/usr/lib/python3.9/site-packages/dnf/cli/commands/makecache.py", | Date:File, Time:N/A => line 50, in run
166. Line:2151 -> "/usr/lib/python3.9/site-packages/dnf/base.py", | Date:File, Time:N/A => line 377, in update_cache
167. Line:2152 -> load_available_repos=True) | Date:self.fill_sack(load_system_repo=False,, Time:N/A =>  # performs the md sync
168. Line:2153 -> "/usr/lib/python3.9/site-packages/dnf/base.py", | Date:File, Time:N/A => line 406, in fill_sack
169. Line:2155 -> "/usr/lib/python3.9/site-packages/dnf/base.py", | Date:File, Time:N/A => line 141, in _add_repo_to_sack
170. Line:2157 -> "/usr/lib/python3.9/site-packages/dnf/repo.py", | Date:File, Time:N/A => line 581, in load
171. Line:2159 -> Failed | Date:dnf.exceptions.RepoError:, Time:N/A => to download metadata for repo 'baseos': Cannot prepare internal mirrorlist: Curl error (6): Couldn't resolve host name for https://mirrors.rockylinux.org/mirrorlist?arch=x86_64&repo=BaseOS-9 [Could not resolve host: mirrors.rockylinux.org]
172. Line:2863 ->  | Date:Package, Time:N/A =>                      Architecture         Version                       Repository               Size
173. Line:2866 ->  | Date:[1m[32musbredir-server, Time:N/A =>             (B[m x86_64               0.13.0-2.el9                  appstream                33 k
174. Line:2870 ->  | Date:Install, Time:N/A => 1 Package
175. Line:3049 ->  | Date:Package, Time:N/A =>                        Architecture           Version                           Repository                 Size
176. Line:3052 ->  | Date:[1m[32mpython3-tkinter, Time:N/A =>               (B[m x86_64                 3.9.21-2.el9                      appstream                 309 k
177. Line:3054 ->  | Date:[1m[32mtk, Time:N/A =>                            (B[m x86_64                 1:8.6.10-9.el9                    appstream                 1.6 M
178. Line:3058 ->  | Date:Install, Time:N/A => 2 Packages
179. Line:3121 -> (most | Date:, Time:raceback => recent call last):
180. Line:3122 -> "/usr/lib/python3.9/site-packages/dnf/cli/main.py", | Date:File, Time:N/A => line 67, in main
181. Line:3123 -> _main(base, | Date:return, Time:N/A => args, cli_class, option_parser_class)
182. Line:3124 -> "/usr/lib/python3.9/site-packages/dnf/cli/main.py", | Date:File, Time:N/A => line 106, in _main
183. Line:3125 -> cli_run(cli, | Date:return, Time:N/A => base)
184. Line:3126 -> "/usr/lib/python3.9/site-packages/dnf/cli/main.py", | Date:File, Time:N/A => line 122, in cli_run
185. Line:3128 -> "/usr/lib/python3.9/site-packages/dnf/cli/cli.py", | Date:File, Time:N/A => line 1095, in run
186. Line:3130 -> "/usr/lib/python3.9/site-packages/dnf/cli/commands/install.py", | Date:File, Time:N/A => line 118, in run
187. Line:3132 -> Unable | Date:dnf.exceptions.PackagesNotAvailableError:, Time:N/A => to find a match: pip3
188. Line:3157 -> (most | Date:, Time:raceback => recent call last):
189. Line:3158 -> "/usr/lib/python3.9/site-packages/dnf/cli/main.py", | Date:File, Time:N/A => line 67, in main
190. Line:3159 -> _main(base, | Date:return, Time:N/A => args, cli_class, option_parser_class)
191. Line:3160 -> "/usr/lib/python3.9/site-packages/dnf/cli/main.py", | Date:File, Time:N/A => line 106, in _main
192. Line:3161 -> cli_run(cli, | Date:return, Time:N/A => base)
193. Line:3162 -> "/usr/lib/python3.9/site-packages/dnf/cli/main.py", | Date:File, Time:N/A => line 122, in cli_run
194. Line:3164 -> "/usr/lib/python3.9/site-packages/dnf/cli/cli.py", | Date:File, Time:N/A => line 1095, in run
195. Line:3166 -> "/usr/lib/python3.9/site-packages/dnf/cli/commands/install.py", | Date:File, Time:N/A => line 118, in run
196. Line:3168 -> Unable | Date:dnf.exceptions.PackagesNotAvailableError:, Time:N/A => to find a match: pipe
197. Line:3195 ->  | Date:Package, Time:N/A =>                             Architecture                    Version                                Repository                          Size
198. Line:3198 ->  | Date:[1m[32mpython3-pip, Time:N/A =>                        (B[m noarch                          21.3.1-1.el9                           appstream                          1.7 M
199. Line:3202 ->  | Date:Install, Time:N/A => 1 Package
200. Line:3808 -> Curl | Date:-, Time:N/A => error (28): Timeout was reached for https://mirror.nyist.edu.cn/rocky/9.6/BaseOS/x86_64/os/repodata/26d0be53-5b9d-4350-a77f-3ef29559e28e-UPDATEINFO.xml.gz [Operation too slow. Less than 1000 bytes/sec transferred the last 30 seconds]
201. Line:3809 -> Status | Date:-, Time:N/A => code: 404 for http://mirror.twds.com.tw/rockylinux/9.6/BaseOS/x86_64/os/repodata/91a5798c-7dc9-4dab-99f9-f30fb52ec301-PRIMARY.xml.gz (IP: 103.147.22.36)
202. Line:3810 -> Curl | Date:-, Time:N/A => error (28): Timeout was reached for https://mirror.nyist.edu.cn/rocky/9.6/BaseOS/x86_64/os/repodata/91a5798c-7dc9-4dab-99f9-f30fb52ec301-PRIMARY.xml.gz [Operation too slow. Less than 1000 bytes/sec transferred the last 30 seconds]
203. Line:3814 -> (most | Date:, Time:raceback => recent call last):
204. Line:3815 -> "/usr/lib/python3.9/site-packages/dnf/repo.py", | Date:File, Time:N/A => line 574, in load
205. Line:3816 -> = | Date:ret, Time:N/A => self._repo.load()
206. Line:3817 -> "/usr/lib64/python3.9/site-packages/libdnf/repo.py", | Date:File, Time:N/A => line 331, in load
207. Line:3819 -> Failed | Date:libdnf._error.Error:, Time:N/A => to download metadata for repo 'baseos': Yum repo downloading error: Downloading error(s): repodata/91a5798c-7dc9-4dab-99f9-f30fb52ec301-PRIMARY.xml.gz - Download failed: Status code: 404 for http://mirror.twds.com.tw/rockylinux/9.6/BaseOS/x86_64/os/repodata/91a5798c-7dc9-4dab-99f9-f30fb52ec301-PRIMARY.xml.gz (IP: 103.147.22.36)
208. Line:3821 -> handling | Date:During, Time:N/A => of the above exception, another exception occurred:
209. Line:3823 -> (most | Date:, Time:raceback => recent call last):
210. Line:3824 -> "/usr/lib/python3.9/site-packages/dnf/cli/main.py", | Date:File, Time:N/A => line 67, in main
211. Line:3825 -> _main(base, | Date:return, Time:N/A => args, cli_class, option_parser_class)
212. Line:3826 -> "/usr/lib/python3.9/site-packages/dnf/cli/main.py", | Date:File, Time:N/A => line 106, in _main
213. Line:3827 -> cli_run(cli, | Date:return, Time:N/A => base)
214. Line:3828 -> "/usr/lib/python3.9/site-packages/dnf/cli/main.py", | Date:File, Time:N/A => line 122, in cli_run
215. Line:3830 -> "/usr/lib/python3.9/site-packages/dnf/cli/cli.py", | Date:File, Time:N/A => line 1095, in run
216. Line:3832 -> "/usr/lib/python3.9/site-packages/dnf/cli/commands/makecache.py", | Date:File, Time:N/A => line 50, in run
217. Line:3834 -> "/usr/lib/python3.9/site-packages/dnf/base.py", | Date:File, Time:N/A => line 377, in update_cache
218. Line:3835 -> load_available_repos=True) | Date:self.fill_sack(load_system_repo=False,, Time:N/A =>  # performs the md sync
219. Line:3836 -> "/usr/lib/python3.9/site-packages/dnf/base.py", | Date:File, Time:N/A => line 406, in fill_sack
220. Line:3838 -> "/usr/lib/python3.9/site-packages/dnf/base.py", | Date:File, Time:N/A => line 141, in _add_repo_to_sack
221. Line:3840 -> "/usr/lib/python3.9/site-packages/dnf/repo.py", | Date:File, Time:N/A => line 581, in load
222. Line:3842 -> Failed | Date:dnf.exceptions.RepoError:, Time:N/A => to download metadata for repo 'baseos': Yum repo downloading error: Downloading error(s): repodata/91a5798c-7dc9-4dab-99f9-f30fb52ec301-PRIMARY.xml.gz - Download failed: Status code: 404 for http://mirror.twds.com.tw/rockylinux/9.6/BaseOS/x86_64/os/repodata/91a5798c-7dc9-4dab-99f9-f30fb52ec301-PRIMARY.xml.gz (IP: 103.147.22.36)
223. Line:4202 ->  | Date:Package, Time:N/A =>                                    Architecture                      Version                                       Repository                            Size
224. Line:4205 ->  | Date:[1m[32mgit, Time:N/A =>                                       (B[m x86_64                            2.47.1-2.el9_6                                appstream                             50 k
225. Line:4207 ->  | Date:[1m[32mgit-core, Time:N/A =>                                  (B[m x86_64                            2.47.1-2.el9_6                                appstream                            4.7 M
226. Line:4208 ->  | Date:[1m[32mgit-core-doc, Time:N/A =>                              (B[m noarch                            2.47.1-2.el9_6                                appstream                            2.8 M
227. Line:4209 ->  | Date:[1m[32mperl-DynaLoader, Time:N/A =>                           (B[m x86_64                            1.47-481.el9                                  appstream                             24 k
228. Line:4210 ->  | Date:[1m[32mperl-Error, Time:N/A =>                                (B[m noarch                            1:0.17029-7.el9                               appstream                             41 k
229. Line:4211 ->  | Date:[1m[32mperl-File-Find, Time:N/A =>                            (B[m noarch                            1.37-481.el9                                  appstream                             24 k
230. Line:4212 ->  | Date:[1m[32mperl-Git, Time:N/A =>                                  (B[m noarch                            2.47.1-2.el9_6                                appstream                             37 k
231. Line:4213 ->  | Date:[1m[32mperl-, Time:ermReadKey =>                          (B[m x86_64                            2.38-11.el9                                   appstream                             36 k
232. Line:4214 ->  | Date:[1m[32mperl-lib, Time:N/A =>                                  (B[m x86_64                            0.65-481.el9                                  appstream                             13 k
233. Line:4218 ->  | Date:Install, Time:N/A => 9 Packages
