1. Line:1 -> INFO | Date:2025-06-11, Time:21:40:43+0600 => --- logging initialized ---
2. Line:28 -> INFO | Date:2025-06-11, Time:21:40:58+0600 => Metadata cache created.
3. Line:31 -> INFO | Date:2025-06-11, Time:21:58:02+0600 => --- logging initialized ---
4. Line:48 -> INFO | Date:2025-06-11, Time:21:58:02+0600 => Last metadata expiration check: 0:17:05 ago on Wed 11 Jun 2025 09:40:57 PM +06.
5. Line:52 -> INFO | Date:2025-06-11, Time:21:58:09+0600 => --- logging initialized ---
6. Line:66 -> INFO | Date:2025-06-11, Time:21:58:35+0600 => --- logging initialized ---
7. Line:83 -> INFO | Date:2025-06-11, Time:21:58:35+0600 => Last metadata expiration check: 0:17:38 ago on Wed 11 Jun 2025 09:40:57 PM +06.
8. Line:87 -> INFO | Date:2025-06-11, Time:21:58:50+0600 => --- logging initialized ---
9. Line:104 -> INFO | Date:2025-06-11, Time:21:58:50+0600 => Last metadata expiration check: 0:17:53 ago on Wed 11 Jun 2025 09:40:57 PM +06.
10. Line:108 -> INFO | Date:2025-06-11, Time:21:59:05+0600 => --- logging initialized ---
11. Line:122 -> INFO | Date:2025-06-11, Time:21:59:14+0600 => --- logging initialized ---
12. Line:139 -> INFO | Date:2025-06-11, Time:21:59:14+0600 => Last metadata expiration check: 0:18:17 ago on Wed 11 Jun 2025 09:40:57 PM +06.
13. Line:145 -> INFO | Date:2025-06-11, Time:21:59:14+0600 => Dependencies resolved.
14. Line:146 -> INFO | Date:2025-06-11, Time:21:59:14+0600 => ================================================================================================
15. Line:156 -> INFO | Date:2025-06-11, Time:21:59:14+0600 => Total download size: 291 k
16. Line:157 -> INFO | Date:2025-06-11, Time:21:59:14+0600 => Installed size: 1.0 M
17. Line:158 -> INFO | Date:2025-06-11, Time:21:59:18+0600 => Downloading Packages:
18. Line:159 -> INFO | Date:2025-06-11, Time:21:59:20+0600 => ------------------------------------------------------------------------------------------------
19. Line:160 -> INFO | Date:2025-06-11, Time:21:59:20+0600 => Total                                                           142 kB/s | 291 kB     00:02
20. Line:162 -> INFO | Date:2025-06-11, Time:21:59:20+0600 => Running transaction check
21. Line:163 -> INFO | Date:2025-06-11, Time:21:59:20+0600 => Transaction check succeeded.
22. Line:164 -> INFO | Date:2025-06-11, Time:21:59:20+0600 => Running transaction test
23. Line:165 -> INFO | Date:2025-06-11, Time:21:59:20+0600 => Transaction test succeeded.
24. Line:167 -> INFO | Date:2025-06-11, Time:21:59:20+0600 => Running transaction
25. Line:175 -> INFO | Date:2025-06-11, Time:21:59:22+0600 => Complete!
26. Line:179 -> INFO | Date:2025-06-11, Time:22:00:10+0600 => --- logging initialized ---
27. Line:196 -> INFO | Date:2025-06-11, Time:22:00:11+0600 => Last metadata expiration check: 0:19:14 ago on Wed 11 Jun 2025 09:40:57 PM +06.
28. Line:201 -> INFO | Date:2025-06-11, Time:22:00:19+0600 => --- logging initialized ---
29. Line:218 -> INFO | Date:2025-06-11, Time:22:00:19+0600 => Last metadata expiration check: 0:19:22 ago on Wed 11 Jun 2025 09:40:57 PM +06.
30. Line:223 -> INFO | Date:2025-06-11, Time:22:00:39+0600 => --- logging initialized ---
31. Line:240 -> INFO | Date:2025-06-11, Time:22:00:40+0600 => Last metadata expiration check: 0:19:43 ago on Wed 11 Jun 2025 09:40:57 PM +06.
32. Line:245 -> INFO | Date:2025-06-11, Time:22:00:58+0600 => --- logging initialized ---
33. Line:262 -> INFO | Date:2025-06-11, Time:22:00:58+0600 => Last metadata expiration check: 0:20:01 ago on Wed 11 Jun 2025 09:40:57 PM +06.
34. Line:266 -> INFO | Date:2025-06-11, Time:22:01:25+0600 => --- logging initialized ---
35. Line:283 -> INFO | Date:2025-06-11, Time:22:01:25+0600 => Last metadata expiration check: 0:20:28 ago on Wed 11 Jun 2025 09:40:57 PM +06.
36. Line:291 -> INFO | Date:2025-06-11, Time:22:02:02+0600 => --- logging initialized ---
37. Line:303 -> INFO | Date:2025-06-11, Time:22:02:21+0600 => --- logging initialized ---
38. Line:315 -> INFO | Date:2025-06-11, Time:22:04:46+0600 => --- logging initialized ---
39. Line:332 -> INFO | Date:2025-06-11, Time:22:04:46+0600 => Last metadata expiration check: 0:23:49 ago on Wed 11 Jun 2025 09:40:57 PM +06.
40. Line:336 -> INFO | Date:2025-06-11, Time:22:05:27+0600 => --- logging initialized ---
41. Line:353 -> INFO | Date:2025-06-11, Time:22:05:27+0600 => Last metadata expiration check: 0:24:30 ago on Wed 11 Jun 2025 09:40:57 PM +06.
42. Line:357 -> INFO | Date:2025-06-11, Time:22:05:48+0600 => --- logging initialized ---
43. Line:374 -> INFO | Date:2025-06-11, Time:22:05:49+0600 => Last metadata expiration check: 0:24:52 ago on Wed 11 Jun 2025 09:40:57 PM +06.
44. Line:376 -> INFO | Date:2025-06-11, Time:22:05:56+0600 => --- logging initialized ---
45. Line:393 -> INFO | Date:2025-06-11, Time:22:05:57+0600 => Last metadata expiration check: 0:25:00 ago on Wed 11 Jun 2025 09:40:57 PM +06.
46. Line:397 -> INFO | Date:2025-06-11, Time:22:06:03+0600 => --- logging initialized ---
47. Line:411 -> INFO | Date:2025-06-11, Time:22:06:47+0600 => --- logging initialized ---
48. Line:428 -> INFO | Date:2025-06-11, Time:22:06:47+0600 => Last metadata expiration check: 0:25:50 ago on Wed 11 Jun 2025 09:40:57 PM +06.
49. Line:432 -> INFO | Date:2025-06-11, Time:22:34:02+0600 => --- logging initialized ---
50. Line:449 -> INFO | Date:2025-06-11, Time:22:34:02+0600 => Last metadata expiration check: 0:53:05 ago on Wed 11 Jun 2025 09:40:57 PM +06.
51. Line:451 -> INFO | Date:2025-06-11, Time:22:34:03+0600 => --- logging initialized ---
52. Line:468 -> INFO | Date:2025-06-11, Time:22:34:03+0600 => Last metadata expiration check: 0:53:06 ago on Wed 11 Jun 2025 09:40:57 PM +06.
53. Line:470 -> INFO | Date:2025-06-11, Time:22:34:04+0600 => --- logging initialized ---
54. Line:487 -> INFO | Date:2025-06-11, Time:22:34:04+0600 => Last metadata expiration check: 0:53:07 ago on Wed 11 Jun 2025 09:40:57 PM +06.
55. Line:489 -> INFO | Date:2025-06-11, Time:22:34:20+0600 => --- logging initialized ---
56. Line:506 -> INFO | Date:2025-06-11, Time:22:34:20+0600 => Last metadata expiration check: 0:53:23 ago on Wed 11 Jun 2025 09:40:57 PM +06.
57. Line:510 -> INFO | Date:2025-06-11, Time:22:34:52+0600 => --- logging initialized ---
58. Line:527 -> INFO | Date:2025-06-11, Time:22:34:52+0600 => Last metadata expiration check: 0:53:55 ago on Wed 11 Jun 2025 09:40:57 PM +06.
59. Line:531 -> INFO | Date:2025-06-11, Time:22:38:06+0600 => --- logging initialized ---
60. Line:548 -> INFO | Date:2025-06-11, Time:22:38:06+0600 => Last metadata expiration check: 0:57:09 ago on Wed 11 Jun 2025 09:40:57 PM +06.
61. Line:584 -> INFO | Date:2025-06-11, Time:22:38:06+0600 => Dependencies resolved.
62. Line:585 -> INFO | Date:2025-06-11, Time:22:38:06+0600 => ================================================================================================================
63. Line:626 -> INFO | Date:2025-06-11, Time:22:38:06+0600 => Total download size: 28 M
64. Line:627 -> INFO | Date:2025-06-11, Time:22:38:06+0600 => Installed size: 146 M
65. Line:628 -> INFO | Date:2025-06-11, Time:22:38:09+0600 => Downloading Packages:
66. Line:629 -> INFO | Date:2025-06-11, Time:22:38:45+0600 => ----------------------------------------------------------------------------------------------------------------
67. Line:630 -> INFO | Date:2025-06-11, Time:22:38:45+0600 => Total                                                                           800 kB/s |  28 MB     00:35
68. Line:632 -> INFO | Date:2025-06-11, Time:22:38:45+0600 => Running transaction check
69. Line:633 -> INFO | Date:2025-06-11, Time:22:38:45+0600 => Transaction check succeeded.
70. Line:634 -> INFO | Date:2025-06-11, Time:22:38:45+0600 => Running transaction test
71. Line:635 -> INFO | Date:2025-06-11, Time:22:38:46+0600 => Transaction test succeeded.
72. Line:637 -> INFO | Date:2025-06-11, Time:22:38:46+0600 => Running transaction
73. Line:674 -> INFO | Date:2025-06-11, Time:22:38:50+0600 => Complete!
74. Line:708 -> INFO | Date:2025-06-11, Time:22:41:02+0600 => --- logging initialized ---
75. Line:725 -> INFO | Date:2025-06-11, Time:22:41:02+0600 => Last metadata expiration check: 1:00:05 ago on Wed 11 Jun 2025 09:40:57 PM +06.
76. Line:727 -> INFO | Date:2025-06-11, Time:22:41:06+0600 => --- logging initialized ---
77. Line:744 -> INFO | Date:2025-06-11, Time:22:41:06+0600 => Last metadata expiration check: 1:00:09 ago on Wed 11 Jun 2025 09:40:57 PM +06.
78. Line:815 -> INFO | Date:2025-06-11, Time:22:41:06+0600 => Dependencies resolved.
79. Line:816 -> INFO | Date:2025-06-11, Time:22:41:06+0600 => ================================================================================================================
80. Line:893 -> INFO | Date:2025-06-11, Time:22:41:06+0600 => Total download size: 17 M
81. Line:894 -> INFO | Date:2025-06-11, Time:22:41:06+0600 => Installed size: 62 M
82. Line:895 -> INFO | Date:2025-06-11, Time:22:41:11+0600 => Downloading Packages:
83. Line:896 -> INFO | Date:2025-06-11, Time:22:41:23+0600 => ----------------------------------------------------------------------------------------------------------------
84. Line:897 -> INFO | Date:2025-06-11, Time:22:41:23+0600 => Total                                                                           1.3 MB/s |  17 MB     00:12
85. Line:899 -> INFO | Date:2025-06-11, Time:22:41:24+0600 => Running transaction check
86. Line:900 -> INFO | Date:2025-06-11, Time:22:41:25+0600 => Transaction check succeeded.
87. Line:901 -> INFO | Date:2025-06-11, Time:22:41:25+0600 => Running transaction test
88. Line:902 -> INFO | Date:2025-06-11, Time:22:41:25+0600 => Transaction test succeeded.
89. Line:904 -> INFO | Date:2025-06-11, Time:22:41:25+0600 => Running transaction
90. Line:976 -> INFO | Date:2025-06-11, Time:22:42:04+0600 => Complete!
91. Line:1045 -> INFO | Date:2025-06-11, Time:22:43:44+0600 => --- logging initialized ---
92. Line:1062 -> INFO | Date:2025-06-11, Time:22:43:44+0600 => Last metadata expiration check: 1:02:47 ago on Wed 11 Jun 2025 09:40:57 PM +06.
93. Line:1074 -> INFO | Date:2025-06-11, Time:22:43:44+0600 => Dependencies resolved.
94. Line:1075 -> INFO | Date:2025-06-11, Time:22:43:44+0600 => ================================================================================================================
95. Line:1092 -> INFO | Date:2025-06-11, Time:22:43:44+0600 => Total download size: 2.3 M
96. Line:1093 -> INFO | Date:2025-06-11, Time:22:43:44+0600 => Installed size: 8.3 M
97. Line:1094 -> INFO | Date:2025-06-11, Time:22:43:46+0600 => Downloading Packages:
98. Line:1095 -> INFO | Date:2025-06-11, Time:22:43:50+0600 => ----------------------------------------------------------------------------------------------------------------
99. Line:1096 -> INFO | Date:2025-06-11, Time:22:43:50+0600 => Total                                                                           577 kB/s | 2.3 MB     00:04
100. Line:1098 -> INFO | Date:2025-06-11, Time:22:43:51+0600 => Running transaction check
101. Line:1099 -> INFO | Date:2025-06-11, Time:22:43:51+0600 => Transaction check succeeded.
102. Line:1100 -> INFO | Date:2025-06-11, Time:22:43:51+0600 => Running transaction test
103. Line:1101 -> INFO | Date:2025-06-11, Time:22:43:51+0600 => Transaction test succeeded.
104. Line:1103 -> INFO | Date:2025-06-11, Time:22:43:51+0600 => Running transaction
105. Line:1116 -> INFO | Date:2025-06-11, Time:22:43:52+0600 => Complete!
106. Line:1126 -> INFO | Date:2025-06-11, Time:22:44:10+0600 => --- logging initialized ---
107. Line:1143 -> INFO | Date:2025-06-11, Time:22:44:10+0600 => Last metadata expiration check: 1:03:13 ago on Wed 11 Jun 2025 09:40:57 PM +06.
108. Line:1154 -> INFO | Date:2025-06-11, Time:22:44:10+0600 => Dependencies resolved.
109. Line:1155 -> INFO | Date:2025-06-11, Time:22:44:10+0600 => ================================================================================================================
110. Line:1172 -> INFO | Date:2025-06-11, Time:22:44:10+0600 => Total download size: 770 k
111. Line:1173 -> INFO | Date:2025-06-11, Time:22:44:10+0600 => Installed size: 3.4 M
112. Line:1174 -> INFO | Date:2025-06-11, Time:22:44:13+0600 => Downloading Packages:
113. Line:1175 -> INFO | Date:2025-06-11, Time:22:44:15+0600 => ----------------------------------------------------------------------------------------------------------------
114. Line:1176 -> INFO | Date:2025-06-11, Time:22:44:15+0600 => Total                                                                           374 kB/s | 770 kB     00:02
115. Line:1178 -> INFO | Date:2025-06-11, Time:22:44:15+0600 => Running transaction check
116. Line:1179 -> INFO | Date:2025-06-11, Time:22:44:15+0600 => Transaction check succeeded.
117. Line:1180 -> INFO | Date:2025-06-11, Time:22:44:15+0600 => Running transaction test
118. Line:1181 -> INFO | Date:2025-06-11, Time:22:44:15+0600 => Transaction test succeeded.
119. Line:1183 -> INFO | Date:2025-06-11, Time:22:44:15+0600 => Running transaction
120. Line:1195 -> INFO | Date:2025-06-11, Time:22:44:17+0600 => Complete!
121. Line:1204 -> INFO | Date:2025-06-11, Time:22:46:07+0600 => --- logging initialized ---
122. Line:1221 -> INFO | Date:2025-06-11, Time:22:46:08+0600 => Last metadata expiration check: 1:05:11 ago on Wed 11 Jun 2025 09:40:57 PM +06.
123. Line:1225 -> INFO | Date:2025-06-11, Time:23:12:51+0600 => --- logging initialized ---
124. Line:1236 -> INFO | Date:2025-06-11, Time:23:12:51+0600 => Metadata cache refreshed recently.
125. Line:1239 -> INFO | Date:2025-06-12, Time:00:42:51+0600 => --- logging initialized ---
126. Line:1264 -> INFO | Date:2025-06-12, Time:00:43:08+0600 => Metadata cache created.
127. Line:1267 -> INFO | Date:2025-06-12, Time:01:53:51+0600 => --- logging initialized ---
128. Line:1278 -> INFO | Date:2025-06-12, Time:01:53:51+0600 => Metadata cache refreshed recently.
129. Line:1281 -> INFO | Date:2025-06-12, Time:03:00:51+0600 => --- logging initialized ---
130. Line:1292 -> INFO | Date:2025-06-12, Time:03:00:51+0600 => Metadata cache refreshed recently.
131. Line:1295 -> INFO | Date:2025-06-12, Time:13:29:09+0600 => --- logging initialized ---
132. Line:1356 -> INFO | Date:2025-06-12, Time:14:52:40+0600 => --- logging initialized ---
133. Line:1367 -> INFO | Date:2025-06-12, Time:14:52:40+0600 => Metadata cache refreshed recently.
134. Line:1370 -> INFO | Date:2025-06-12, Time:15:33:36+0600 => --- logging initialized ---
135. Line:1380 -> INFO | Date:2025-06-12, Time:15:33:37+0600 => trigger file does not exist. exiting quietly.
136. Line:1383 -> INFO | Date:2025-06-13, Time:23:16:35+0600 => --- logging initialized ---
137. Line:1411 -> INFO | Date:2025-06-13, Time:23:16:55+0600 => Metadata cache created.
138. Line:1414 -> INFO | Date:2025-06-14, Time:00:21:24+0600 => --- logging initialized ---
139. Line:1431 -> INFO | Date:2025-06-14, Time:00:21:24+0600 => Last metadata expiration check: 1:04:29 ago on Fri 13 Jun 2025 11:16:55 PM +06.
140. Line:1437 -> INFO | Date:2025-06-14, Time:00:21:24+0600 => Dependencies resolved.
141. Line:1438 -> INFO | Date:2025-06-14, Time:00:21:24+0600 => ==========================================================================================================================
142. Line:1448 -> INFO | Date:2025-06-14, Time:00:21:24+0600 => Total download size: 157 k
143. Line:1449 -> INFO | Date:2025-06-14, Time:00:21:24+0600 => Installed size: 347 k
144. Line:1450 -> INFO | Date:2025-06-14, Time:00:21:24+0600 => Downloading Packages:
145. Line:1451 -> INFO | Date:2025-06-14, Time:00:21:26+0600 => --------------------------------------------------------------------------------------------------------------------------
146. Line:1452 -> INFO | Date:2025-06-14, Time:00:21:26+0600 => Total                                                                                      82 kB/s | 157 kB     00:01
147. Line:1454 -> INFO | Date:2025-06-14, Time:00:21:26+0600 => Running transaction check
148. Line:1455 -> INFO | Date:2025-06-14, Time:00:21:26+0600 => Transaction check succeeded.
149. Line:1456 -> INFO | Date:2025-06-14, Time:00:21:26+0600 => Running transaction test
150. Line:1457 -> INFO | Date:2025-06-14, Time:00:21:26+0600 => Transaction test succeeded.
151. Line:1459 -> INFO | Date:2025-06-14, Time:00:21:26+0600 => Running transaction
152. Line:1462 -> INFO | Date:2025-06-14, Time:00:21:27+0600 => --- logging initialized ---
153. Line:1476 -> INFO | Date:2025-06-14, Time:00:21:27+0600 => Metadata cache refreshed recently.
154. Line:1480 -> INFO | Date:2025-06-14, Time:00:21:28+0600 => Complete!
155. Line:1484 -> INFO | Date:2025-06-14, Time:01:04:06+0600 => --- logging initialized ---
156. Line:1501 -> INFO | Date:2025-06-14, Time:01:04:07+0600 => Last metadata expiration check: 1:47:12 ago on Fri 13 Jun 2025 11:16:55 PM +06.
157. Line:1506 -> INFO | Date:2025-06-14, Time:01:46:27+0600 => --- logging initialized ---
158. Line:1517 -> INFO | Date:2025-06-14, Time:01:46:27+0600 => Metadata cache refreshed recently.
159. Line:1520 -> INFO | Date:2025-06-14, Time:02:21:55+0600 => --- logging initialized ---
160. Line:1537 -> INFO | Date:2025-06-14, Time:02:21:55+0600 => Last metadata expiration check: 3:05:00 ago on Fri 13 Jun 2025 11:16:55 PM +06.
161. Line:1543 -> INFO | Date:2025-06-14, Time:02:21:55+0600 => Dependencies resolved.
162. Line:1544 -> INFO | Date:2025-06-14, Time:02:21:55+0600 => =======================================================================================================
163. Line:1554 -> INFO | Date:2025-06-14, Time:02:21:55+0600 => Total download size: 55 k
164. Line:1555 -> INFO | Date:2025-06-14, Time:02:21:55+0600 => Installed size: 113 k
165. Line:1556 -> INFO | Date:2025-06-14, Time:02:21:57+0600 => Downloading Packages:
166. Line:1557 -> INFO | Date:2025-06-14, Time:02:22:00+0600 => -------------------------------------------------------------------------------------------------------
167. Line:1558 -> INFO | Date:2025-06-14, Time:02:22:00+0600 => Total                                                                   22 kB/s |  55 kB     00:02
168. Line:1560 -> INFO | Date:2025-06-14, Time:02:22:00+0600 => Running transaction check
169. Line:1561 -> INFO | Date:2025-06-14, Time:02:22:00+0600 => Transaction check succeeded.
170. Line:1562 -> INFO | Date:2025-06-14, Time:02:22:00+0600 => Running transaction test
171. Line:1563 -> INFO | Date:2025-06-14, Time:02:22:00+0600 => Transaction test succeeded.
172. Line:1565 -> INFO | Date:2025-06-14, Time:02:22:00+0600 => Running transaction
173. Line:1572 -> INFO | Date:2025-06-14, Time:02:22:01+0600 => Complete!
174. Line:1576 -> INFO | Date:2025-06-14, Time:03:25:32+0600 => --- logging initialized ---
175. Line:1604 -> INFO | Date:2025-06-14, Time:03:25:41+0600 => Metadata cache created.
176. Line:1607 -> INFO | Date:2025-06-14, Time:20:57:06+0600 => --- logging initialized ---
177. Line:1637 -> INFO | Date:2025-06-14, Time:20:57:26+0600 => Metadata cache created.
178. Line:1640 -> INFO | Date:2025-06-14, Time:22:28:06+0600 => --- logging initialized ---
179. Line:1651 -> INFO | Date:2025-06-14, Time:22:28:06+0600 => Metadata cache refreshed recently.
180. Line:1654 -> INFO | Date:2025-06-15, Time:00:01:01+0600 => --- logging initialized ---
181. Line:1679 -> INFO | Date:2025-06-15, Time:00:01:08+0600 => Metadata cache created.
182. Line:1682 -> INFO | Date:2025-06-15, Time:01:20:48+0600 => --- logging initialized ---
183. Line:1693 -> INFO | Date:2025-06-15, Time:01:20:48+0600 => Metadata cache refreshed recently.
184. Line:1696 -> INFO | Date:2025-06-15, Time:03:00:06+0600 => --- logging initialized ---
185. Line:1707 -> INFO | Date:2025-06-15, Time:03:00:06+0600 => Metadata cache refreshed recently.
186. Line:1710 -> INFO | Date:2025-06-15, Time:23:02:35+0600 => --- logging initialized ---
187. Line:1735 -> INFO | Date:2025-06-15, Time:23:02:41+0600 => Metadata cache created.
188. Line:1738 -> INFO | Date:2025-06-16, Time:00:15:35+0600 => --- logging initialized ---
189. Line:1749 -> INFO | Date:2025-06-16, Time:00:15:35+0600 => Metadata cache refreshed recently.
190. Line:1752 -> INFO | Date:2025-06-16, Time:02:10:35+0600 => --- logging initialized ---
191. Line:1777 -> INFO | Date:2025-06-16, Time:02:10:48+0600 => Metadata cache created.
192. Line:1780 -> INFO | Date:2025-06-17, Time:23:18:24+0600 => --- logging initialized ---
193. Line:1791 -> INFO | Date:2025-06-17, Time:23:18:24+0600 => Metadata timer caching disabled when running on metered connection.
194. Line:1794 -> INFO | Date:2025-06-18, Time:01:15:36+0600 => --- logging initialized ---
195. Line:1819 -> INFO | Date:2025-06-18, Time:01:15:41+0600 => Metadata cache created.
196. Line:1822 -> INFO | Date:2025-06-18, Time:13:53:17+0600 => --- logging initialized ---
197. Line:1847 -> INFO | Date:2025-06-18, Time:13:53:34+0600 => Metadata cache created.
198. Line:1850 -> INFO | Date:2025-06-18, Time:16:54:26+0600 => --- logging initialized ---
199. Line:1861 -> INFO | Date:2025-06-18, Time:16:54:26+0600 => Metadata timer caching disabled when running on metered connection.
200. Line:1864 -> INFO | Date:2025-06-18, Time:18:26:36+0600 => --- logging initialized ---
201. Line:1875 -> INFO | Date:2025-06-18, Time:18:26:36+0600 => Metadata timer caching disabled when running on metered connection.
202. Line:1878 -> INFO | Date:2025-06-18, Time:19:42:36+0600 => --- logging initialized ---
203. Line:1903 -> INFO | Date:2025-06-18, Time:19:42:40+0600 => Metadata cache created.
204. Line:1906 -> INFO | Date:2025-06-18, Time:23:41:18+0600 => --- logging initialized ---
205. Line:1934 -> INFO | Date:2025-06-18, Time:23:41:35+0600 => Metadata cache created.
206. Line:1937 -> INFO | Date:2025-06-19, Time:08:55:37+0600 => --- logging initialized ---
207. Line:1962 -> INFO | Date:2025-06-19, Time:08:55:42+0600 => Metadata cache created.
208. Line:1965 -> INFO | Date:2025-06-19, Time:10:26:36+0600 => --- logging initialized ---
209. Line:1976 -> INFO | Date:2025-06-19, Time:10:26:37+0600 => Metadata cache refreshed recently.
210. Line:1979 -> INFO | Date:2025-06-19, Time:12:18:36+0600 => --- logging initialized ---
211. Line:2004 -> INFO | Date:2025-06-19, Time:12:18:43+0600 => Metadata cache created.
212. Line:2007 -> INFO | Date:2025-06-19, Time:13:47:36+0600 => --- logging initialized ---
213. Line:2018 -> INFO | Date:2025-06-19, Time:13:47:36+0600 => Metadata cache refreshed recently.
214. Line:2021 -> INFO | Date:2025-06-19, Time:15:41:36+0600 => --- logging initialized ---
215. Line:2049 -> INFO | Date:2025-06-19, Time:15:41:51+0600 => Metadata cache created.
216. Line:2052 -> INFO | Date:2025-06-19, Time:17:40:22+0600 => --- logging initialized ---
217. Line:2063 -> INFO | Date:2025-06-19, Time:17:40:22+0600 => Metadata cache refreshed recently.
218. Line:2066 -> INFO | Date:2025-06-19, Time:18:50:36+0600 => --- logging initialized ---
219. Line:2096 -> INFO | Date:2025-06-19, Time:18:50:52+0600 => Metadata cache created.
220. Line:2099 -> INFO | Date:2025-06-19, Time:23:12:04+0600 => --- logging initialized ---
221. Line:2161 -> INFO | Date:2025-06-20, Time:09:54:28+0600 => --- logging initialized ---
222. Line:2186 -> INFO | Date:2025-06-20, Time:09:54:32+0600 => Metadata cache created.
223. Line:2189 -> INFO | Date:2025-06-20, Time:11:24:37+0600 => --- logging initialized ---
224. Line:2200 -> INFO | Date:2025-06-20, Time:11:24:37+0600 => Metadata cache refreshed recently.
225. Line:2203 -> INFO | Date:2025-06-20, Time:12:26:37+0600 => --- logging initialized ---
226. Line:2214 -> INFO | Date:2025-06-20, Time:12:26:37+0600 => Metadata cache refreshed recently.
227. Line:2217 -> INFO | Date:2025-06-20, Time:20:30:59+0600 => --- logging initialized ---
228. Line:2247 -> INFO | Date:2025-06-20, Time:20:31:23+0600 => Metadata cache created.
229. Line:2250 -> INFO | Date:2025-06-20, Time:22:00:59+0600 => --- logging initialized ---
230. Line:2261 -> INFO | Date:2025-06-20, Time:22:00:59+0600 => Metadata cache refreshed recently.
231. Line:2264 -> INFO | Date:2025-06-20, Time:23:14:59+0600 => --- logging initialized ---
232. Line:2275 -> INFO | Date:2025-06-20, Time:23:14:59+0600 => Metadata cache refreshed recently.
233. Line:2278 -> INFO | Date:2025-06-21, Time:08:58:28+0600 => --- logging initialized ---
234. Line:2306 -> INFO | Date:2025-06-21, Time:08:58:37+0600 => Metadata cache created.
235. Line:2309 -> INFO | Date:2025-06-21, Time:12:40:02+0600 => --- logging initialized ---
236. Line:2337 -> INFO | Date:2025-06-21, Time:12:40:09+0600 => Metadata cache created.
237. Line:2340 -> INFO | Date:2025-06-21, Time:14:25:02+0600 => --- logging initialized ---
238. Line:2351 -> INFO | Date:2025-06-21, Time:14:25:02+0600 => Metadata cache refreshed recently.
239. Line:2354 -> INFO | Date:2025-06-21, Time:16:10:02+0600 => --- logging initialized ---
240. Line:2382 -> INFO | Date:2025-06-21, Time:16:10:12+0600 => Metadata cache created.
241. Line:2385 -> INFO | Date:2025-06-22, Time:13:08:19+0600 => --- logging initialized ---
242. Line:2413 -> INFO | Date:2025-06-22, Time:13:08:30+0600 => Metadata cache created.
243. Line:2416 -> INFO | Date:2025-06-22, Time:14:32:18+0600 => --- logging initialized ---
244. Line:2427 -> INFO | Date:2025-06-22, Time:14:32:18+0600 => Metadata cache refreshed recently.
245. Line:2430 -> INFO | Date:2025-06-22, Time:23:19:05+0600 => --- logging initialized ---
246. Line:2455 -> INFO | Date:2025-06-22, Time:23:19:12+0600 => Metadata cache created.
247. Line:2458 -> INFO | Date:2025-06-23, Time:12:37:44+0600 => --- logging initialized ---
248. Line:2486 -> INFO | Date:2025-06-23, Time:12:38:06+0600 => Metadata cache created.
249. Line:2489 -> INFO | Date:2025-06-23, Time:14:18:44+0600 => --- logging initialized ---
250. Line:2500 -> INFO | Date:2025-06-23, Time:14:18:44+0600 => Metadata cache refreshed recently.
251. Line:2503 -> INFO | Date:2025-06-23, Time:16:16:44+0600 => --- logging initialized ---
252. Line:2531 -> INFO | Date:2025-06-23, Time:16:17:10+0600 => Metadata cache created.
253. Line:2534 -> INFO | Date:2025-06-23, Time:18:37:06+0600 => --- logging initialized ---
254. Line:2545 -> INFO | Date:2025-06-23, Time:18:37:06+0600 => Metadata cache refreshed recently.
255. Line:2548 -> INFO | Date:2025-06-23, Time:19:54:06+0600 => --- logging initialized ---
256. Line:2573 -> INFO | Date:2025-06-23, Time:19:54:12+0600 => Metadata cache created.
257. Line:2576 -> INFO | Date:2025-06-23, Time:21:57:18+0600 => --- logging initialized ---
258. Line:2587 -> INFO | Date:2025-06-23, Time:21:57:18+0600 => Metadata cache refreshed recently.
259. Line:2590 -> INFO | Date:2025-06-23, Time:23:55:52+0600 => --- logging initialized ---
260. Line:2615 -> INFO | Date:2025-06-23, Time:23:55:57+0600 => Metadata cache created.
261. Line:2618 -> INFO | Date:2025-06-24, Time:13:23:50+0600 => --- logging initialized ---
262. Line:2643 -> INFO | Date:2025-06-24, Time:13:23:55+0600 => Metadata cache created.
263. Line:2646 -> INFO | Date:2025-06-24, Time:14:33:49+0600 => --- logging initialized ---
264. Line:2657 -> INFO | Date:2025-06-24, Time:14:33:49+0600 => Metadata cache refreshed recently.
265. Line:2660 -> INFO | Date:2025-06-24, Time:15:43:12+0600 => --- logging initialized ---
266. Line:2671 -> INFO | Date:2025-06-24, Time:15:43:12+0600 => Metadata cache refreshed recently.
267. Line:2674 -> INFO | Date:2025-06-24, Time:16:43:49+0600 => --- logging initialized ---
268. Line:2699 -> INFO | Date:2025-06-24, Time:16:43:54+0600 => Metadata cache created.
269. Line:2702 -> INFO | Date:2025-06-24, Time:17:55:39+0600 => --- logging initialized ---
270. Line:2713 -> INFO | Date:2025-06-24, Time:17:55:39+0600 => Metadata cache refreshed recently.
271. Line:2716 -> INFO | Date:2025-06-25, Time:01:01:02+0600 => --- logging initialized ---
272. Line:2741 -> INFO | Date:2025-06-25, Time:01:01:14+0600 => Metadata cache created.
273. Line:2744 -> INFO | Date:2025-06-25, Time:12:35:45+0600 => --- logging initialized ---
274. Line:2774 -> INFO | Date:2025-06-25, Time:12:36:03+0600 => Metadata cache created.
275. Line:2777 -> INFO | Date:2025-06-25, Time:13:55:44+0600 => --- logging initialized ---
276. Line:2788 -> INFO | Date:2025-06-25, Time:13:55:45+0600 => Metadata cache refreshed recently.
277. Line:2791 -> INFO | Date:2025-06-25, Time:15:17:45+0600 => --- logging initialized ---
278. Line:2802 -> INFO | Date:2025-06-25, Time:15:17:45+0600 => Metadata cache refreshed recently.
279. Line:2805 -> INFO | Date:2025-06-25, Time:17:07:34+0600 => --- logging initialized ---
280. Line:2833 -> INFO | Date:2025-06-25, Time:17:07:49+0600 => Metadata cache created.
281. Line:2836 -> INFO | Date:2025-06-25, Time:18:32:50+0600 => --- logging initialized ---
282. Line:2853 -> INFO | Date:2025-06-25, Time:18:32:50+0600 => Last metadata expiration check: 1:25:01 ago on Wed 25 Jun 2025 05:07:49 PM +06.
283. Line:2855 -> INFO | Date:2025-06-25, Time:18:32:50+0600 => Package usbredir-0.13.0-2.el9.x86_64 is already installed.
284. Line:2856 -> INFO | Date:2025-06-25, Time:18:32:50+0600 => Package spice-vdagent-0.21.0-5.el9.x86_64 is already installed.
285. Line:2861 -> INFO | Date:2025-06-25, Time:18:32:50+0600 => Dependencies resolved.
286. Line:2862 -> INFO | Date:2025-06-25, Time:18:32:50+0600 => ================================================================================================================
287. Line:2872 -> INFO | Date:2025-06-25, Time:18:32:50+0600 => Total download size: 33 k
288. Line:2873 -> INFO | Date:2025-06-25, Time:18:32:50+0600 => Installed size: 74 k
289. Line:2874 -> INFO | Date:2025-06-25, Time:18:32:50+0600 => Downloading Packages:
290. Line:2875 -> INFO | Date:2025-06-25, Time:18:32:52+0600 => ----------------------------------------------------------------------------------------------------------------
291. Line:2876 -> INFO | Date:2025-06-25, Time:18:32:52+0600 => Total                                                                            22 kB/s |  33 kB     00:01
292. Line:2878 -> INFO | Date:2025-06-25, Time:18:32:52+0600 => Running transaction check
293. Line:2879 -> INFO | Date:2025-06-25, Time:18:32:52+0600 => Transaction check succeeded.
294. Line:2880 -> INFO | Date:2025-06-25, Time:18:32:52+0600 => Running transaction test
295. Line:2881 -> INFO | Date:2025-06-25, Time:18:32:52+0600 => Transaction test succeeded.
296. Line:2883 -> INFO | Date:2025-06-25, Time:18:32:52+0600 => Running transaction
297. Line:2890 -> INFO | Date:2025-06-25, Time:18:32:53+0600 => Complete!
298. Line:2894 -> INFO | Date:2025-06-25, Time:19:04:24+0600 => --- logging initialized ---
299. Line:2905 -> INFO | Date:2025-06-25, Time:19:04:25+0600 => Metadata cache refreshed recently.
300. Line:2908 -> INFO | Date:2025-06-25, Time:19:32:34+0600 => --- logging initialized ---
301. Line:2925 -> INFO | Date:2025-06-25, Time:19:32:34+0600 => Last metadata expiration check: 2:24:45 ago on Wed 25 Jun 2025 05:07:49 PM +06.
302. Line:2929 -> INFO | Date:2025-06-25, Time:19:33:08+0600 => --- logging initialized ---
303. Line:2946 -> INFO | Date:2025-06-25, Time:19:33:08+0600 => Last metadata expiration check: 2:25:19 ago on Wed 25 Jun 2025 05:07:49 PM +06.
304. Line:2950 -> INFO | Date:2025-06-25, Time:19:33:24+0600 => --- logging initialized ---
305. Line:2967 -> INFO | Date:2025-06-25, Time:19:33:25+0600 => Last metadata expiration check: 2:25:36 ago on Wed 25 Jun 2025 05:07:49 PM +06.
306. Line:2971 -> INFO | Date:2025-06-25, Time:19:52:40+0600 => --- logging initialized ---
307. Line:2988 -> INFO | Date:2025-06-25, Time:19:52:41+0600 => Last metadata expiration check: 2:44:52 ago on Wed 25 Jun 2025 05:07:49 PM +06.
308. Line:2992 -> INFO | Date:2025-06-26, Time:13:11:28+0600 => --- logging initialized ---
309. Line:3020 -> INFO | Date:2025-06-26, Time:13:11:51+0600 => Metadata cache created.
310. Line:3023 -> INFO | Date:2025-06-26, Time:14:09:04+0600 => --- logging initialized ---
311. Line:3040 -> INFO | Date:2025-06-26, Time:14:09:04+0600 => Last metadata expiration check: 0:57:14 ago on Thu 26 Jun 2025 01:11:50 PM +06.
312. Line:3047 -> INFO | Date:2025-06-26, Time:14:09:04+0600 => Dependencies resolved.
313. Line:3048 -> INFO | Date:2025-06-26, Time:14:09:04+0600 => ==========================================================================================================================
314. Line:3060 -> INFO | Date:2025-06-26, Time:14:09:04+0600 => Total download size: 1.9 M
315. Line:3061 -> INFO | Date:2025-06-26, Time:14:09:04+0600 => Installed size: 5.3 M
316. Line:3062 -> INFO | Date:2025-06-26, Time:14:09:07+0600 => Downloading Packages:
317. Line:3063 -> INFO | Date:2025-06-26, Time:14:09:09+0600 => --------------------------------------------------------------------------------------------------------------------------
318. Line:3064 -> INFO | Date:2025-06-26, Time:14:09:09+0600 => Total                                                                                     782 kB/s | 1.9 MB     00:02
319. Line:3066 -> INFO | Date:2025-06-26, Time:14:09:09+0600 => Running transaction check
320. Line:3067 -> INFO | Date:2025-06-26, Time:14:09:09+0600 => Transaction check succeeded.
321. Line:3068 -> INFO | Date:2025-06-26, Time:14:09:09+0600 => Running transaction test
322. Line:3069 -> INFO | Date:2025-06-26, Time:14:09:10+0600 => Transaction test succeeded.
323. Line:3071 -> INFO | Date:2025-06-26, Time:14:09:10+0600 => Running transaction
324. Line:3079 -> INFO | Date:2025-06-26, Time:14:09:12+0600 => Complete!
325. Line:3084 -> INFO | Date:2025-06-26, Time:14:58:21+0600 => --- logging initialized ---
326. Line:3095 -> INFO | Date:2025-06-26, Time:14:58:21+0600 => Metadata cache refreshed recently.
327. Line:3098 -> INFO | Date:2025-06-26, Time:15:57:35+0600 => --- logging initialized ---
328. Line:3115 -> INFO | Date:2025-06-26, Time:15:57:35+0600 => Last metadata expiration check: 2:45:45 ago on Thu 26 Jun 2025 01:11:50 PM +06.
329. Line:3117 -> INFO | Date:2025-06-26, Time:15:57:35+0600 => No match for argument: [1mpip3(B[m
330. Line:3134 -> INFO | Date:2025-06-26, Time:15:57:40+0600 => --- logging initialized ---
331. Line:3151 -> INFO | Date:2025-06-26, Time:15:57:40+0600 => Last metadata expiration check: 2:45:50 ago on Thu 26 Jun 2025 01:11:50 PM +06.
332. Line:3153 -> INFO | Date:2025-06-26, Time:15:57:40+0600 => No match for argument: [1mpipe(B[m
333. Line:3170 -> INFO | Date:2025-06-26, Time:15:57:42+0600 => --- logging initialized ---
334. Line:3187 -> INFO | Date:2025-06-26, Time:15:57:42+0600 => Last metadata expiration check: 2:45:52 ago on Thu 26 Jun 2025 01:11:50 PM +06.
335. Line:3193 -> INFO | Date:2025-06-26, Time:15:57:43+0600 => Dependencies resolved.
336. Line:3194 -> INFO | Date:2025-06-26, Time:15:57:43+0600 => ======================================================================================================================================================
337. Line:3204 -> INFO | Date:2025-06-26, Time:15:57:43+0600 => Total download size: 1.7 M
338. Line:3205 -> INFO | Date:2025-06-26, Time:15:57:43+0600 => Installed size: 8.8 M
339. Line:3206 -> INFO | Date:2025-06-26, Time:15:57:44+0600 => Downloading Packages:
340. Line:3207 -> INFO | Date:2025-06-26, Time:15:57:47+0600 => ------------------------------------------------------------------------------------------------------------------------------------------------------
341. Line:3208 -> INFO | Date:2025-06-26, Time:15:57:47+0600 => Total                                                                                                                 813 kB/s | 1.7 MB     00:02
342. Line:3210 -> INFO | Date:2025-06-26, Time:15:57:47+0600 => Running transaction check
343. Line:3211 -> INFO | Date:2025-06-26, Time:15:57:47+0600 => Transaction check succeeded.
344. Line:3212 -> INFO | Date:2025-06-26, Time:15:57:47+0600 => Running transaction test
345. Line:3213 -> INFO | Date:2025-06-26, Time:15:57:47+0600 => Transaction test succeeded.
346. Line:3215 -> INFO | Date:2025-06-26, Time:15:57:47+0600 => Running transaction
347. Line:3222 -> INFO | Date:2025-06-26, Time:15:57:49+0600 => Complete!
348. Line:3226 -> INFO | Date:2025-06-26, Time:16:30:41+0600 => --- logging initialized ---
349. Line:3251 -> INFO | Date:2025-06-26, Time:16:30:45+0600 => Metadata cache created.
350. Line:3254 -> INFO | Date:2025-06-26, Time:19:37:57+0600 => --- logging initialized ---
351. Line:3279 -> INFO | Date:2025-06-26, Time:19:38:04+0600 => Metadata cache created.
352. Line:3282 -> INFO | Date:2025-06-26, Time:20:44:57+0600 => --- logging initialized ---
353. Line:3293 -> INFO | Date:2025-06-26, Time:20:44:57+0600 => Metadata cache refreshed recently.
354. Line:3296 -> INFO | Date:2025-06-26, Time:22:09:57+0600 => --- logging initialized ---
355. Line:3307 -> INFO | Date:2025-06-26, Time:22:09:57+0600 => Metadata cache refreshed recently.
356. Line:3310 -> INFO | Date:2025-06-26, Time:23:40:57+0600 => --- logging initialized ---
357. Line:3338 -> INFO | Date:2025-06-26, Time:23:41:38+0600 => Metadata cache created.
358. Line:3341 -> INFO | Date:2025-06-27, Time:01:33:57+0600 => --- logging initialized ---
359. Line:3352 -> INFO | Date:2025-06-27, Time:01:33:57+0600 => Metadata cache refreshed recently.
360. Line:3355 -> INFO | Date:2025-06-27, Time:03:03:57+0600 => --- logging initialized ---
361. Line:3380 -> INFO | Date:2025-06-27, Time:03:04:02+0600 => Metadata cache created.
362. Line:3383 -> INFO | Date:2025-06-28, Time:17:01:28+0600 => --- logging initialized ---
363. Line:3411 -> INFO | Date:2025-06-28, Time:17:01:47+0600 => Metadata cache created.
364. Line:3414 -> INFO | Date:2025-06-28, Time:18:30:12+0600 => --- logging initialized ---
365. Line:3425 -> INFO | Date:2025-06-28, Time:18:30:12+0600 => Metadata cache refreshed recently.
366. Line:3428 -> INFO | Date:2025-06-28, Time:20:02:12+0600 => --- logging initialized ---
367. Line:3456 -> INFO | Date:2025-06-28, Time:20:02:32+0600 => Metadata cache created.
368. Line:3459 -> INFO | Date:2025-06-28, Time:21:45:12+0600 => --- logging initialized ---
369. Line:3470 -> INFO | Date:2025-06-28, Time:21:45:12+0600 => Metadata cache refreshed recently.
370. Line:3473 -> INFO | Date:2025-06-28, Time:22:57:40+0600 => --- logging initialized ---
371. Line:3484 -> INFO | Date:2025-06-28, Time:22:57:40+0600 => Metadata cache refreshed recently.
372. Line:3487 -> INFO | Date:2025-06-29, Time:08:04:47+0600 => --- logging initialized ---
373. Line:3512 -> INFO | Date:2025-06-29, Time:08:04:52+0600 => Metadata cache created.
374. Line:3515 -> INFO | Date:2025-06-29, Time:09:37:00+0600 => --- logging initialized ---
375. Line:3526 -> INFO | Date:2025-06-29, Time:09:37:00+0600 => Metadata cache refreshed recently.
376. Line:3529 -> INFO | Date:2025-06-29, Time:13:32:36+0600 => --- logging initialized ---
377. Line:3559 -> INFO | Date:2025-06-29, Time:13:33:19+0600 => Metadata cache created.
378. Line:3562 -> INFO | Date:2025-06-29, Time:15:47:41+0600 => --- logging initialized ---
379. Line:3573 -> INFO | Date:2025-06-29, Time:15:47:41+0600 => Metadata cache refreshed recently.
380. Line:3576 -> INFO | Date:2025-06-29, Time:17:05:41+0600 => --- logging initialized ---
381. Line:3601 -> INFO | Date:2025-06-29, Time:17:05:52+0600 => Metadata cache created.
382. Line:3604 -> INFO | Date:2025-06-29, Time:18:32:41+0600 => --- logging initialized ---
383. Line:3615 -> INFO | Date:2025-06-29, Time:18:32:41+0600 => Metadata cache refreshed recently.
384. Line:3618 -> INFO | Date:2025-06-29, Time:20:08:41+0600 => --- logging initialized ---
385. Line:3643 -> INFO | Date:2025-06-29, Time:20:08:56+0600 => Metadata cache created.
386. Line:3646 -> INFO | Date:2025-06-29, Time:21:52:51+0600 => --- logging initialized ---
387. Line:3657 -> INFO | Date:2025-06-29, Time:21:52:51+0600 => Metadata cache refreshed recently.
388. Line:3660 -> INFO | Date:2025-06-29, Time:23:24:51+0600 => --- logging initialized ---
389. Line:3685 -> INFO | Date:2025-06-29, Time:23:24:57+0600 => Metadata cache created.
390. Line:3688 -> INFO | Date:2025-06-30, Time:00:57:51+0600 => --- logging initialized ---
391. Line:3699 -> INFO | Date:2025-06-30, Time:00:57:51+0600 => Metadata cache refreshed recently.
392. Line:3702 -> INFO | Date:2025-06-30, Time:18:52:38+0600 => --- logging initialized ---
393. Line:3727 -> INFO | Date:2025-06-30, Time:18:52:49+0600 => Metadata cache created.
394. Line:3730 -> INFO | Date:2025-06-30, Time:20:48:07+0600 => --- logging initialized ---
395. Line:3741 -> INFO | Date:2025-06-30, Time:20:48:07+0600 => Metadata cache refreshed recently.
396. Line:3744 -> INFO | Date:2025-06-30, Time:22:06:37+0600 => --- logging initialized ---
397. Line:3769 -> INFO | Date:2025-06-30, Time:22:06:43+0600 => Metadata cache created.
398. Line:3772 -> INFO | Date:2025-06-30, Time:23:09:57+0600 => --- logging initialized ---
399. Line:3783 -> INFO | Date:2025-06-30, Time:23:09:57+0600 => Metadata cache refreshed recently.
400. Line:3786 -> INFO | Date:2025-07-01, Time:13:18:39+0600 => --- logging initialized ---
401. Line:3844 -> INFO | Date:2025-07-01, Time:15:00:38+0600 => --- logging initialized ---
402. Line:3855 -> INFO | Date:2025-07-01, Time:15:00:38+0600 => Metadata cache refreshed recently.
403. Line:3858 -> INFO | Date:2025-07-01, Time:16:30:38+0600 => --- logging initialized ---
404. Line:3883 -> INFO | Date:2025-07-01, Time:16:30:51+0600 => Metadata cache created.
405. Line:3886 -> INFO | Date:2025-07-01, Time:18:03:38+0600 => --- logging initialized ---
406. Line:3897 -> INFO | Date:2025-07-01, Time:18:03:38+0600 => Metadata cache refreshed recently.
407. Line:3900 -> INFO | Date:2025-07-01, Time:19:26:28+0600 => --- logging initialized ---
408. Line:3911 -> INFO | Date:2025-07-01, Time:19:26:28+0600 => Metadata cache refreshed recently.
409. Line:3914 -> INFO | Date:2025-07-01, Time:20:56:38+0600 => --- logging initialized ---
410. Line:3939 -> INFO | Date:2025-07-01, Time:20:56:50+0600 => Metadata cache created.
411. Line:3942 -> INFO | Date:2025-07-01, Time:22:50:28+0600 => --- logging initialized ---
412. Line:3953 -> INFO | Date:2025-07-01, Time:22:50:28+0600 => Metadata cache refreshed recently.
413. Line:3956 -> INFO | Date:2025-07-02, Time:00:15:38+0600 => --- logging initialized ---
414. Line:3981 -> INFO | Date:2025-07-02, Time:00:15:43+0600 => Metadata cache created.
415. Line:3984 -> INFO | Date:2025-07-02, Time:00:41:41+0600 => --- logging initialized ---
416. Line:3994 -> INFO | Date:2025-07-02, Time:00:41:42+0600 => trigger file does not exist. exiting quietly.
417. Line:3997 -> INFO | Date:2025-07-02, Time:15:01:07+0600 => --- logging initialized ---
418. Line:4022 -> INFO | Date:2025-07-02, Time:15:01:17+0600 => Metadata cache created.
419. Line:4025 -> INFO | Date:2025-07-02, Time:16:41:07+0600 => --- logging initialized ---
420. Line:4036 -> INFO | Date:2025-07-02, Time:16:41:07+0600 => Metadata cache refreshed recently.
421. Line:4039 -> INFO | Date:2025-07-02, Time:18:05:07+0600 => --- logging initialized ---
422. Line:4064 -> INFO | Date:2025-07-02, Time:18:05:11+0600 => Metadata cache created.
423. Line:4067 -> INFO | Date:2025-07-02, Time:19:36:07+0600 => --- logging initialized ---
424. Line:4078 -> INFO | Date:2025-07-02, Time:19:36:07+0600 => Metadata cache refreshed recently.
425. Line:4081 -> INFO | Date:2025-07-02, Time:20:48:07+0600 => --- logging initialized ---
426. Line:4092 -> INFO | Date:2025-07-02, Time:20:48:07+0600 => Metadata cache refreshed recently.
427. Line:4095 -> INFO | Date:2025-07-02, Time:22:12:07+0600 => --- logging initialized ---
428. Line:4124 -> INFO | Date:2025-07-02, Time:22:13:12+0600 => Metadata cache created.
429. Line:4127 -> INFO | Date:2025-07-02, Time:23:55:07+0600 => --- logging initialized ---
430. Line:4138 -> INFO | Date:2025-07-02, Time:23:55:08+0600 => Metadata cache refreshed recently.
431. Line:4141 -> INFO | Date:2025-07-03, Time:01:16:47+0600 => --- logging initialized ---
432. Line:4166 -> INFO | Date:2025-07-03, Time:01:16:52+0600 => Metadata cache created.
433. Line:4169 -> INFO | Date:2025-07-03, Time:02:05:52+0600 => --- logging initialized ---
434. Line:4186 -> INFO | Date:2025-07-03, Time:02:05:54+0600 => Last metadata expiration check: 0:49:02 ago on Thu 03 Jul 2025 01:16:52 AM +06.
435. Line:4200 -> INFO | Date:2025-07-03, Time:02:05:54+0600 => Dependencies resolved.
436. Line:4201 -> INFO | Date:2025-07-03, Time:02:05:54+0600 => ========================================================================================================================================================================
437. Line:4220 -> INFO | Date:2025-07-03, Time:02:05:54+0600 => Total download size: 7.6 M
438. Line:4221 -> INFO | Date:2025-07-03, Time:02:05:54+0600 => Installed size: 40 M
439. Line:4222 -> INFO | Date:2025-07-03, Time:02:05:56+0600 => Downloading Packages:
440. Line:4223 -> INFO | Date:2025-07-03, Time:02:06:04+0600 => ------------------------------------------------------------------------------------------------------------------------------------------------------------------------
441. Line:4224 -> INFO | Date:2025-07-03, Time:02:06:04+0600 => Total                                                                                                                                   956 kB/s | 7.6 MB     00:08
442. Line:4226 -> INFO | Date:2025-07-03, Time:02:06:04+0600 => Running transaction check
443. Line:4227 -> INFO | Date:2025-07-03, Time:02:06:04+0600 => Transaction check succeeded.
444. Line:4228 -> INFO | Date:2025-07-03, Time:02:06:04+0600 => Running transaction test
445. Line:4229 -> INFO | Date:2025-07-03, Time:02:06:05+0600 => Transaction test succeeded.
446. Line:4231 -> INFO | Date:2025-07-03, Time:02:06:05+0600 => Running transaction
447. Line:4246 -> INFO | Date:2025-07-03, Time:02:06:09+0600 => Complete!
